2021-01-20 11:19:39.718 [main] DEBUG com.fx.shop.ShopApplication - Running with Spring Boot v2.4.0, Spring v5.3.1
2021-01-20 11:20:53.317 [http-nio-8787-exec-4] DEBUG com.fx.shop.mapper.CccMapper.selectList - ==>  Preparing: SELECT id,pid FROM ccc 
2021-01-20 11:20:53.340 [http-nio-8787-exec-4] DEBUG com.fx.shop.mapper.CccMapper.selectList - ==> Parameters: 
2021-01-20 11:20:53.515 [http-nio-8787-exec-4] DEBUG com.fx.shop.mapper.CccMapper.selectList - <==      Total: 6
2021-01-20 11:24:31.474 [main] DEBUG com.fx.shop.ShopApplication - Running with Spring Boot v2.4.0, Spring v5.3.1
2021-01-20 11:24:42.820 [http-nio-8787-exec-1] DEBUG com.fx.shop.mapper.CccMapper.selectList - ==>  Preparing: SELECT id,pid FROM ccc 
2021-01-20 11:24:42.858 [http-nio-8787-exec-1] DEBUG com.fx.shop.mapper.CccMapper.selectList - ==> Parameters: 
2021-01-20 11:24:42.898 [http-nio-8787-exec-1] DEBUG com.fx.shop.mapper.CccMapper.selectList - <==      Total: 6
2021-01-20 22:26:36.729 [main] DEBUG com.fx.shop.ShopApplication - Running with Spring Boot v2.4.0, Spring v5.3.1
2021-01-20 22:27:33.568 [main] DEBUG com.fx.shop.ShopApplication - Running with Spring Boot v2.4.0, Spring v5.3.1
2021-01-20 22:30:33.510 [main] DEBUG com.fx.shop.ShopApplication - Running with Spring Boot v2.4.0, Spring v5.3.1
2021-01-20 22:31:57.545 [main] DEBUG com.fx.shop.ShopApplication - Running with Spring Boot v2.4.0, Spring v5.3.1
2021-01-20 22:33:08.779 [main] DEBUG com.fx.shop.ShopApplication - Running with Spring Boot v2.4.0, Spring v5.3.1
2021-01-20 22:34:12.808 [main] DEBUG com.fx.shop.ShopApplication - Running with Spring Boot v2.4.0, Spring v5.3.1
2021-01-20 22:34:37.144 [http-nio-8787-exec-9] DEBUG WXServiceImpl - pay apiParamJson==>null
2021-01-20 22:39:02.953 [http-nio-8787-exec-7] DEBUG WXServiceImpl - pay apiParamJson==>null
2021-01-20 23:06:14.558 [main] DEBUG com.fx.shop.ShopApplication - Running with Spring Boot v2.4.0, Spring v5.3.1
2021-01-20 23:06:59.352 [main] DEBUG com.fx.shop.ShopApplication - Running with Spring Boot v2.4.0, Spring v5.3.1
2021-01-20 23:07:58.333 [http-nio-8787-exec-1] DEBUG WXServiceImpl - pay apiParamJson==>null
2021-01-20 23:09:44.633 [main] DEBUG com.fx.shop.ShopApplication - Running with Spring Boot v2.4.0, Spring v5.3.1
2021-01-20 23:09:55.884 [http-nio-8787-exec-1] DEBUG WXServiceImpl - pay apiParamJson==>null
2021-01-20 23:11:57.277 [http-nio-8787-exec-3] DEBUG WXServiceImpl - pay apiParamJson==>null
2021-01-20 23:18:15.693 [http-nio-8787-exec-5] DEBUG WXServiceImpl - pay apiParamJson==>null
2021-01-20 23:20:53.197 [http-nio-8787-exec-7] DEBUG WXServiceImpl - pay apiParamJson==>null
2021-01-20 23:31:55.056 [main] DEBUG com.fx.shop.ShopApplication - Running with Spring Boot v2.4.0, Spring v5.3.1
2021-01-20 23:32:02.883 [http-nio-8787-exec-1] DEBUG WXServiceImpl - pay apiParamJson==>null
2021-01-20 23:32:07.288 [http-nio-8787-exec-2] DEBUG WXServiceImpl - pay apiParamJson==>null
2021-01-20 23:32:49.313 [http-nio-8787-exec-3] DEBUG WXServiceImpl - pay apiParamJson==>null
2021-01-20 23:34:10.403 [main] DEBUG com.fx.shop.ShopApplication - Running with Spring Boot v2.4.0, Spring v5.3.1
2021-01-20 23:36:35.493 [http-nio-8787-exec-1] DEBUG WXServiceImpl - pay apiParamJson==>null
2021-01-20 23:37:22.618 [http-nio-8787-exec-2] DEBUG WXServiceImpl - pay apiParamJson==>null
2021-01-20 23:45:35.496 [main] DEBUG com.fx.shop.ShopApplication - Running with Spring Boot v2.4.0, Spring v5.3.1
2021-01-20 23:45:45.549 [http-nio-8787-exec-1] DEBUG WXServiceImpl - pay apiParamJson==>null
2021-01-20 23:45:58.494 [http-nio-8787-exec-2] DEBUG WXServiceImpl - pay apiParamJson==>null
