2021-02-04 11:54:32.823 [background-preinit] INFO  org.hibernate.validator.internal.util.Version - HV000001: Hibernate Validator 6.1.6.Final
2021-02-04 11:54:32.852 [main] INFO  com.fx.shop.ShopApplication - Starting ShopApplication using Java 1.8.0_152 on AUTOBVT-K8KUTA7 with PID 9808 (F:\myIdeaspace\shop\target\classes started by Administrator in F:\myIdeaspace\shop)
2021-02-04 11:54:32.856 [main] INFO  com.fx.shop.ShopApplication - No active profile set, falling back to default profiles: default
2021-02-04 11:54:38.389 [main] INFO  o.s.d.r.config.RepositoryConfigurationDelegate - Multiple Spring Data modules found, entering strict repository configuration mode!
2021-02-04 11:54:38.393 [main] INFO  o.s.d.r.config.RepositoryConfigurationDelegate - Bootstrapping Spring Data Redis repositories in DEFAULT mode.
2021-02-04 11:54:38.540 [main] INFO  o.s.d.r.config.RepositoryConfigurationDelegate - Finished Spring Data repository scanning in 30 ms. Found 0 Redis repository interfaces.
2021-02-04 11:54:40.022 [main] INFO  o.s.c.s.PostProcessorRegistrationDelegate$BeanPostProcessorChecker - Bean 'redisConfig' of type [com.fx.shop.config.RedisConfig$$EnhancerBySpringCGLIB$$30d9ef0d] is not eligible for getting processed by all BeanPostProcessors (for example: not eligible for auto-proxying)
2021-02-04 11:54:41.662 [main] INFO  o.s.boot.web.embedded.tomcat.TomcatWebServer - Tomcat initialized with port(s): 8787 (http)
2021-02-04 11:54:41.698 [main] INFO  org.apache.coyote.http11.Http11NioProtocol - Initializing ProtocolHandler ["http-nio-8787"]
2021-02-04 11:54:41.699 [main] INFO  org.apache.catalina.core.StandardService - Starting service [Tomcat]
2021-02-04 11:54:41.700 [main] INFO  org.apache.catalina.core.StandardEngine - Starting Servlet engine: [Apache Tomcat/9.0.39]
2021-02-04 11:54:41.942 [main] INFO  o.a.c.core.ContainerBase.[Tomcat].[localhost].[/] - Initializing Spring embedded WebApplicationContext
2021-02-04 11:54:41.942 [main] INFO  o.s.b.w.s.c.ServletWebServerApplicationContext - Root WebApplicationContext: initialization completed in 8829 ms
2021-02-04 11:54:56.418 [main] INFO  s.d.s.w.WebMvcPropertySourcedRequestMappingHandlerMapping - Mapped URL path [/v2/api-docs] onto method [springfox.documentation.swagger2.web.Swagger2ControllerWebMvc#getDocumentation(String, HttpServletRequest)]
2021-02-04 11:54:56.641 [main] INFO  o.s.scheduling.concurrent.ThreadPoolTaskExecutor - Initializing ExecutorService 'applicationTaskExecutor'
2021-02-04 11:54:58.859 [main] INFO  org.apache.coyote.http11.Http11NioProtocol - Starting ProtocolHandler ["http-nio-8787"]
2021-02-04 11:54:58.898 [main] INFO  o.s.boot.web.embedded.tomcat.TomcatWebServer - Tomcat started on port(s): 8787 (http) with context path ''
2021-02-04 11:54:58.900 [main] INFO  com.fx.shop.ShopApplication - 
---------------------------------------------------------
	Application is running! Access address:
	Profile:	
	Local:		http://localhost:8787
	External:	http://192.168.0.177:8787
	Swagger:	http://192.168.0.177:8787/doc.html
---------------------------------------------------------

2021-02-04 11:54:58.901 [main] INFO  s.d.s.web.plugins.DocumentationPluginsBootstrapper - Documentation plugins bootstrapped
2021-02-04 11:54:58.905 [main] INFO  s.d.s.web.plugins.DocumentationPluginsBootstrapper - Found 2 custom documentation plugin(s)
2021-02-04 11:54:58.949 [main] INFO  s.d.spring.web.scanners.ApiListingReferenceScanner - Scanning for api listing references
2021-02-04 11:54:59.939 [main] INFO  s.d.s.w.r.operation.CachingOperationNameGenerator - Generating unique operation named: uploadUsingPOST_1
2021-02-04 11:55:00.137 [main] INFO  s.d.s.w.r.operation.CachingOperationNameGenerator - Generating unique operation named: queryUsingPOST_1
2021-02-04 11:55:00.152 [main] INFO  s.d.s.w.r.operation.CachingOperationNameGenerator - Generating unique operation named: editUsingPOST_1
2021-02-04 11:55:00.352 [main] INFO  s.d.s.w.r.operation.CachingOperationNameGenerator - Generating unique operation named: queryUsingPOST_2
2021-02-04 11:55:00.363 [main] INFO  s.d.s.w.r.operation.CachingOperationNameGenerator - Generating unique operation named: addUsingPOST_1
2021-02-04 11:55:00.373 [main] INFO  s.d.s.w.r.operation.CachingOperationNameGenerator - Generating unique operation named: editUsingPOST_2
2021-02-04 11:55:00.389 [main] INFO  s.d.s.w.r.operation.CachingOperationNameGenerator - Generating unique operation named: queryUsingPOST_3
2021-02-04 11:55:00.394 [main] INFO  s.d.s.w.r.operation.CachingOperationNameGenerator - Generating unique operation named: addUsingPOST_2
2021-02-04 11:55:00.402 [main] INFO  s.d.s.w.r.operation.CachingOperationNameGenerator - Generating unique operation named: editUsingPOST_3
2021-02-04 11:55:00.427 [main] INFO  s.d.s.w.r.operation.CachingOperationNameGenerator - Generating unique operation named: addUsingPOST_3
2021-02-04 11:55:00.449 [main] INFO  s.d.s.w.r.operation.CachingOperationNameGenerator - Generating unique operation named: queryUsingPOST_4
2021-02-04 11:55:00.740 [main] INFO  s.d.spring.web.scanners.ApiListingReferenceScanner - Scanning for api listing references
2021-02-04 11:55:00.743 [main] INFO  s.d.s.w.r.operation.CachingOperationNameGenerator - Generating unique operation named: methodUsingPOST_1
2021-02-04 11:55:00.745 [main] INFO  s.d.s.w.r.operation.CachingOperationNameGenerator - Generating unique operation named: method1UsingPOST_1
2021-02-04 11:55:00.769 [main] INFO  s.d.s.w.r.operation.CachingOperationNameGenerator - Generating unique operation named: uploadUsingPOST_2
2021-02-04 11:55:00.782 [main] INFO  s.d.s.w.r.operation.CachingOperationNameGenerator - Generating unique operation named: queryUsingPOST_5
2021-02-04 11:55:00.788 [main] INFO  s.d.s.w.r.operation.CachingOperationNameGenerator - Generating unique operation named: addUsingPOST_4
2021-02-04 11:55:00.792 [main] INFO  s.d.s.w.r.operation.CachingOperationNameGenerator - Generating unique operation named: editUsingPOST_4
2021-02-04 11:55:00.795 [main] INFO  s.d.s.w.r.operation.CachingOperationNameGenerator - Generating unique operation named: uploadUsingPOST_3
2021-02-04 11:55:00.802 [main] INFO  s.d.s.w.r.operation.CachingOperationNameGenerator - Generating unique operation named: getOpenIdUsingPOST_1
2021-02-04 11:55:00.815 [main] INFO  s.d.s.w.r.operation.CachingOperationNameGenerator - Generating unique operation named: wxMiniappDecodeUsingPOST_1
2021-02-04 11:55:01.574 [main] INFO  s.d.s.w.r.operation.CachingOperationNameGenerator - Generating unique operation named: queryUsingPOST_6
2021-02-04 11:55:01.578 [main] INFO  s.d.s.w.r.operation.CachingOperationNameGenerator - Generating unique operation named: createUsingPOST_1
2021-02-04 11:55:01.581 [main] INFO  s.d.s.w.r.operation.CachingOperationNameGenerator - Generating unique operation named: editUsingPOST_5
2021-02-04 11:55:01.587 [main] INFO  s.d.s.w.r.operation.CachingOperationNameGenerator - Generating unique operation named: createWxPayUsingPOST_1
2021-02-04 11:55:01.590 [main] INFO  s.d.s.w.r.operation.CachingOperationNameGenerator - Generating unique operation named: wxRefundUsingPOST_1
2021-02-04 11:55:01.609 [main] INFO  s.d.s.w.r.operation.CachingOperationNameGenerator - Generating unique operation named: queryUsingPOST_7
2021-02-04 11:55:01.624 [main] INFO  s.d.s.w.r.operation.CachingOperationNameGenerator - Generating unique operation named: addUsingPOST_5
2021-02-04 11:55:01.635 [main] INFO  s.d.s.w.r.operation.CachingOperationNameGenerator - Generating unique operation named: editUsingPOST_6
2021-02-04 11:55:01.653 [main] INFO  s.d.s.w.r.operation.CachingOperationNameGenerator - Generating unique operation named: queryUsingPOST_8
2021-02-04 11:55:01.656 [main] INFO  s.d.s.w.r.operation.CachingOperationNameGenerator - Generating unique operation named: addUsingPOST_6
2021-02-04 11:55:01.661 [main] INFO  s.d.s.w.r.operation.CachingOperationNameGenerator - Generating unique operation named: editUsingPOST_7
2021-02-04 11:55:01.666 [main] INFO  s.d.s.w.r.operation.CachingOperationNameGenerator - Generating unique operation named: commonlyListUsingGET_1
2021-02-04 11:55:01.669 [main] INFO  s.d.s.w.r.operation.CachingOperationNameGenerator - Generating unique operation named: immediateQueryUsingGET_1
2021-02-04 11:55:01.674 [main] INFO  s.d.s.w.r.operation.CachingOperationNameGenerator - Generating unique operation named: addUsingPOST_7
2021-02-04 11:55:01.678 [main] INFO  s.d.s.w.r.operation.CachingOperationNameGenerator - Generating unique operation named: delUsingPOST_1
2021-02-04 11:55:01.684 [main] INFO  s.d.s.w.r.operation.CachingOperationNameGenerator - Generating unique operation named: queryUsingPOST_9
2021-02-04 11:55:01.700 [main] INFO  com.fx.shop.ShopApplication - Started ShopApplication in 30.337 seconds (JVM running for 31.986)
2021-02-04 11:55:16.685 [http-nio-8787-exec-4] INFO  o.a.c.core.ContainerBase.[Tomcat].[localhost].[/] - Initializing Spring DispatcherServlet 'dispatcherServlet'
2021-02-04 11:55:16.685 [http-nio-8787-exec-4] INFO  org.springframework.web.servlet.DispatcherServlet - Initializing Servlet 'dispatcherServlet'
2021-02-04 11:55:16.687 [http-nio-8787-exec-4] INFO  org.springframework.web.servlet.DispatcherServlet - Completed initialization in 2 ms
