2021-01-21 10:57:05.961 [main] INFO  com.fx.shop.ShopApplication - Starting ShopApplication using Java 1.8.0_152 on AUTOBVT-K8KUTA7 with PID 3568 (F:\myIdeaspace\shop\target\classes started by Administrator in F:\myIdeaspace\shop)
2021-01-21 10:57:05.960 [background-preinit] INFO  org.hibernate.validator.internal.util.Version - HV000001: Hibernate Validator 6.1.6.Final
2021-01-21 10:57:05.970 [main] INFO  com.fx.shop.ShopApplication - No active profile set, falling back to default profiles: default
2021-01-21 10:57:09.913 [main] INFO  o.s.d.r.config.RepositoryConfigurationDelegate - Multiple Spring Data modules found, entering strict repository configuration mode!
2021-01-21 10:57:09.916 [main] INFO  o.s.d.r.config.RepositoryConfigurationDelegate - Bootstrapping Spring Data Redis repositories in DEFAULT mode.
2021-01-21 10:57:10.201 [main] INFO  o.s.d.r.config.RepositoryConfigurationDelegate - Finished Spring Data repository scanning in 49 ms. Found 0 Redis repository interfaces.
2021-01-21 10:57:12.242 [main] INFO  o.s.boot.web.embedded.tomcat.TomcatWebServer - Tomcat initialized with port(s): 8787 (http)
2021-01-21 10:57:12.287 [main] INFO  org.apache.coyote.http11.Http11NioProtocol - Initializing ProtocolHandler ["http-nio-8787"]
2021-01-21 10:57:12.288 [main] INFO  org.apache.catalina.core.StandardService - Starting service [Tomcat]
2021-01-21 10:57:12.289 [main] INFO  org.apache.catalina.core.StandardEngine - Starting Servlet engine: [Apache Tomcat/9.0.39]
2021-01-21 10:57:12.831 [main] INFO  o.a.c.core.ContainerBase.[Tomcat].[localhost].[/] - Initializing Spring embedded WebApplicationContext
2021-01-21 10:57:12.831 [main] INFO  o.s.b.w.s.c.ServletWebServerApplicationContext - Root WebApplicationContext: initialization completed in 6571 ms
2021-01-21 10:57:19.622 [main] INFO  s.d.s.w.WebMvcPropertySourcedRequestMappingHandlerMapping - Mapped URL path [/v2/api-docs] onto method [springfox.documentation.swagger2.web.Swagger2ControllerWebMvc#getDocumentation(String, HttpServletRequest)]
2021-01-21 10:57:19.802 [main] INFO  o.s.scheduling.concurrent.ThreadPoolTaskExecutor - Initializing ExecutorService 'applicationTaskExecutor'
2021-01-21 10:57:23.417 [main] INFO  org.apache.coyote.http11.Http11NioProtocol - Starting ProtocolHandler ["http-nio-8787"]
2021-01-21 10:57:23.516 [main] INFO  o.s.boot.web.embedded.tomcat.TomcatWebServer - Tomcat started on port(s): 8787 (http) with context path ''
2021-01-21 10:57:24.828 [main] INFO  com.fx.shop.ShopApplication - 
---------------------------------------------------------
	Application is running! Access address:
	Profile:	
	Local:		http://localhost:8787
	External:	http://192.168.0.177:8787
	Swagger:	http://192.168.0.177:8787/doc.html
---------------------------------------------------------

2021-01-21 10:57:24.829 [main] INFO  s.d.s.web.plugins.DocumentationPluginsBootstrapper - Documentation plugins bootstrapped
2021-01-21 10:57:24.833 [main] INFO  s.d.s.web.plugins.DocumentationPluginsBootstrapper - Found 2 custom documentation plugin(s)
2021-01-21 10:57:24.911 [main] INFO  s.d.spring.web.scanners.ApiListingReferenceScanner - Scanning for api listing references
2021-01-21 10:57:25.649 [main] INFO  s.d.spring.web.scanners.ApiListingReferenceScanner - Scanning for api listing references
2021-01-21 10:57:25.652 [main] INFO  s.d.s.w.r.operation.CachingOperationNameGenerator - Generating unique operation named: methodUsingPOST_1
2021-01-21 10:57:25.653 [main] INFO  s.d.s.w.r.operation.CachingOperationNameGenerator - Generating unique operation named: insertUsingPOST_1
2021-01-21 10:57:25.693 [main] INFO  s.d.s.w.r.operation.CachingOperationNameGenerator - Generating unique operation named: appointPickUpUsingPOST_1
2021-01-21 10:57:25.699 [main] INFO  s.d.s.w.r.operation.CachingOperationNameGenerator - Generating unique operation named: electronicCancelUsingPOST_1
2021-01-21 10:57:25.713 [main] INFO  s.d.s.w.r.operation.CachingOperationNameGenerator - Generating unique operation named: electronicSheetUsingPOST_1
2021-01-21 10:57:25.722 [main] INFO  s.d.s.w.r.operation.CachingOperationNameGenerator - Generating unique operation named: visitPickUpUsingPOST_1
2021-01-21 10:57:25.728 [main] INFO  s.d.s.w.r.operation.CachingOperationNameGenerator - Generating unique operation named: getOpenIdUsingPOST_1
2021-01-21 10:57:25.736 [main] INFO  s.d.s.w.r.operation.CachingOperationNameGenerator - Generating unique operation named: createWxPayUsingPOST_1
2021-01-21 10:57:25.738 [main] INFO  s.d.s.w.r.operation.CachingOperationNameGenerator - Generating unique operation named: commonlyListUsingGET_1
2021-01-21 10:57:25.741 [main] INFO  s.d.s.w.r.operation.CachingOperationNameGenerator - Generating unique operation named: immediateQueryUsingGET_1
2021-01-21 10:57:25.755 [main] INFO  com.fx.shop.ShopApplication - Started ShopApplication in 21.296 seconds (JVM running for 23.354)
2021-01-21 10:57:30.188 [http-nio-8787-exec-7] INFO  o.a.c.core.ContainerBase.[Tomcat].[localhost].[/] - Initializing Spring DispatcherServlet 'dispatcherServlet'
2021-01-21 10:57:30.188 [http-nio-8787-exec-7] INFO  org.springframework.web.servlet.DispatcherServlet - Initializing Servlet 'dispatcherServlet'
2021-01-21 10:57:30.199 [http-nio-8787-exec-7] INFO  org.springframework.web.servlet.DispatcherServlet - Completed initialization in 11 ms
2021-01-21 11:07:37.068 [SpringContextShutdownHook] INFO  o.s.scheduling.concurrent.ThreadPoolTaskExecutor - Shutting down ExecutorService 'applicationTaskExecutor'
2021-01-21 11:07:37.070 [SpringContextShutdownHook] INFO  com.alibaba.druid.pool.DruidDataSource - {dataSource-0} closing ...
2021-01-21 11:07:40.415 [background-preinit] INFO  org.hibernate.validator.internal.util.Version - HV000001: Hibernate Validator 6.1.6.Final
2021-01-21 11:07:40.439 [main] INFO  com.fx.shop.ShopApplication - Starting ShopApplication using Java 1.8.0_152 on AUTOBVT-K8KUTA7 with PID 4984 (F:\myIdeaspace\shop\target\classes started by Administrator in F:\myIdeaspace\shop)
2021-01-21 11:07:40.442 [main] INFO  com.fx.shop.ShopApplication - No active profile set, falling back to default profiles: default
2021-01-21 11:07:41.753 [main] INFO  o.s.d.r.config.RepositoryConfigurationDelegate - Multiple Spring Data modules found, entering strict repository configuration mode!
2021-01-21 11:07:41.755 [main] INFO  o.s.d.r.config.RepositoryConfigurationDelegate - Bootstrapping Spring Data Redis repositories in DEFAULT mode.
2021-01-21 11:07:41.792 [main] INFO  o.s.d.r.config.RepositoryConfigurationDelegate - Finished Spring Data repository scanning in 19 ms. Found 0 Redis repository interfaces.
2021-01-21 11:07:42.392 [main] INFO  o.s.boot.web.embedded.tomcat.TomcatWebServer - Tomcat initialized with port(s): 8787 (http)
2021-01-21 11:07:42.402 [main] INFO  org.apache.coyote.http11.Http11NioProtocol - Initializing ProtocolHandler ["http-nio-8787"]
2021-01-21 11:07:42.403 [main] INFO  org.apache.catalina.core.StandardService - Starting service [Tomcat]
2021-01-21 11:07:42.403 [main] INFO  org.apache.catalina.core.StandardEngine - Starting Servlet engine: [Apache Tomcat/9.0.39]
2021-01-21 11:07:42.588 [main] INFO  o.a.c.core.ContainerBase.[Tomcat].[localhost].[/] - Initializing Spring embedded WebApplicationContext
2021-01-21 11:07:42.588 [main] INFO  o.s.b.w.s.c.ServletWebServerApplicationContext - Root WebApplicationContext: initialization completed in 2062 ms
2021-01-21 11:07:43.937 [main] INFO  s.d.s.w.WebMvcPropertySourcedRequestMappingHandlerMapping - Mapped URL path [/v2/api-docs] onto method [springfox.documentation.swagger2.web.Swagger2ControllerWebMvc#getDocumentation(String, HttpServletRequest)]
2021-01-21 11:07:44.015 [main] INFO  o.s.scheduling.concurrent.ThreadPoolTaskExecutor - Initializing ExecutorService 'applicationTaskExecutor'
2021-01-21 11:07:44.735 [main] INFO  org.apache.coyote.http11.Http11NioProtocol - Starting ProtocolHandler ["http-nio-8787"]
2021-01-21 11:07:44.757 [main] INFO  o.s.boot.web.embedded.tomcat.TomcatWebServer - Tomcat started on port(s): 8787 (http) with context path ''
2021-01-21 11:07:44.759 [main] INFO  com.fx.shop.ShopApplication - 
---------------------------------------------------------
	Application is running! Access address:
	Profile:	
	Local:		http://localhost:8787
	External:	http://192.168.0.177:8787
	Swagger:	http://192.168.0.177:8787/doc.html
---------------------------------------------------------

2021-01-21 11:07:44.760 [main] INFO  s.d.s.web.plugins.DocumentationPluginsBootstrapper - Documentation plugins bootstrapped
2021-01-21 11:07:44.763 [main] INFO  s.d.s.web.plugins.DocumentationPluginsBootstrapper - Found 2 custom documentation plugin(s)
2021-01-21 11:07:44.795 [main] INFO  s.d.spring.web.scanners.ApiListingReferenceScanner - Scanning for api listing references
2021-01-21 11:07:45.007 [main] INFO  s.d.spring.web.scanners.ApiListingReferenceScanner - Scanning for api listing references
2021-01-21 11:07:45.010 [main] INFO  s.d.s.w.r.operation.CachingOperationNameGenerator - Generating unique operation named: methodUsingPOST_1
2021-01-21 11:07:45.011 [main] INFO  s.d.s.w.r.operation.CachingOperationNameGenerator - Generating unique operation named: insertUsingPOST_1
2021-01-21 11:07:45.031 [main] INFO  s.d.s.w.r.operation.CachingOperationNameGenerator - Generating unique operation named: appointPickUpUsingPOST_1
2021-01-21 11:07:45.034 [main] INFO  s.d.s.w.r.operation.CachingOperationNameGenerator - Generating unique operation named: electronicCancelUsingPOST_1
2021-01-21 11:07:45.047 [main] INFO  s.d.s.w.r.operation.CachingOperationNameGenerator - Generating unique operation named: electronicSheetUsingPOST_1
2021-01-21 11:07:45.056 [main] INFO  s.d.s.w.r.operation.CachingOperationNameGenerator - Generating unique operation named: visitPickUpUsingPOST_1
2021-01-21 11:07:45.062 [main] INFO  s.d.s.w.r.operation.CachingOperationNameGenerator - Generating unique operation named: getOpenIdUsingPOST_1
2021-01-21 11:07:45.068 [main] INFO  s.d.s.w.r.operation.CachingOperationNameGenerator - Generating unique operation named: createWxPayUsingPOST_1
2021-01-21 11:07:45.070 [main] INFO  s.d.s.w.r.operation.CachingOperationNameGenerator - Generating unique operation named: commonlyListUsingGET_1
2021-01-21 11:07:45.073 [main] INFO  s.d.s.w.r.operation.CachingOperationNameGenerator - Generating unique operation named: immediateQueryUsingGET_1
2021-01-21 11:07:45.084 [main] INFO  com.fx.shop.ShopApplication - Started ShopApplication in 5.495 seconds (JVM running for 6.966)
2021-01-21 11:18:05.857 [SpringContextShutdownHook] INFO  o.s.scheduling.concurrent.ThreadPoolTaskExecutor - Shutting down ExecutorService 'applicationTaskExecutor'
2021-01-21 11:18:05.859 [SpringContextShutdownHook] INFO  com.alibaba.druid.pool.DruidDataSource - {dataSource-0} closing ...
2021-01-21 11:18:12.773 [background-preinit] INFO  org.hibernate.validator.internal.util.Version - HV000001: Hibernate Validator 6.1.6.Final
2021-01-21 11:18:12.781 [main] INFO  com.fx.shop.ShopApplication - Starting ShopApplication using Java 1.8.0_152 on AUTOBVT-K8KUTA7 with PID 9776 (F:\myIdeaspace\shop\target\classes started by Administrator in F:\myIdeaspace\shop)
2021-01-21 11:18:12.782 [main] INFO  com.fx.shop.ShopApplication - No active profile set, falling back to default profiles: default
2021-01-21 11:18:13.848 [main] INFO  o.s.d.r.config.RepositoryConfigurationDelegate - Multiple Spring Data modules found, entering strict repository configuration mode!
2021-01-21 11:18:13.852 [main] INFO  o.s.d.r.config.RepositoryConfigurationDelegate - Bootstrapping Spring Data Redis repositories in DEFAULT mode.
2021-01-21 11:18:13.893 [main] INFO  o.s.d.r.config.RepositoryConfigurationDelegate - Finished Spring Data repository scanning in 21 ms. Found 0 Redis repository interfaces.
2021-01-21 11:18:14.503 [main] INFO  o.s.boot.web.embedded.tomcat.TomcatWebServer - Tomcat initialized with port(s): 8787 (http)
2021-01-21 11:18:14.513 [main] INFO  org.apache.coyote.http11.Http11NioProtocol - Initializing ProtocolHandler ["http-nio-8787"]
2021-01-21 11:18:14.514 [main] INFO  org.apache.catalina.core.StandardService - Starting service [Tomcat]
2021-01-21 11:18:14.514 [main] INFO  org.apache.catalina.core.StandardEngine - Starting Servlet engine: [Apache Tomcat/9.0.39]
2021-01-21 11:18:14.703 [main] INFO  o.a.c.core.ContainerBase.[Tomcat].[localhost].[/] - Initializing Spring embedded WebApplicationContext
2021-01-21 11:18:14.703 [main] INFO  o.s.b.w.s.c.ServletWebServerApplicationContext - Root WebApplicationContext: initialization completed in 1862 ms
2021-01-21 11:18:16.051 [main] INFO  s.d.s.w.WebMvcPropertySourcedRequestMappingHandlerMapping - Mapped URL path [/v2/api-docs] onto method [springfox.documentation.swagger2.web.Swagger2ControllerWebMvc#getDocumentation(String, HttpServletRequest)]
2021-01-21 11:18:16.124 [main] INFO  o.s.scheduling.concurrent.ThreadPoolTaskExecutor - Initializing ExecutorService 'applicationTaskExecutor'
2021-01-21 11:18:16.840 [main] INFO  org.apache.coyote.http11.Http11NioProtocol - Starting ProtocolHandler ["http-nio-8787"]
2021-01-21 11:18:16.861 [main] INFO  o.s.boot.web.embedded.tomcat.TomcatWebServer - Tomcat started on port(s): 8787 (http) with context path ''
2021-01-21 11:18:16.863 [main] INFO  com.fx.shop.ShopApplication - 
---------------------------------------------------------
	Application is running! Access address:
	Profile:	
	Local:		http://localhost:8787
	External:	http://192.168.0.177:8787
	Swagger:	http://192.168.0.177:8787/doc.html
---------------------------------------------------------

2021-01-21 11:18:16.863 [main] INFO  s.d.s.web.plugins.DocumentationPluginsBootstrapper - Documentation plugins bootstrapped
2021-01-21 11:18:16.867 [main] INFO  s.d.s.web.plugins.DocumentationPluginsBootstrapper - Found 2 custom documentation plugin(s)
2021-01-21 11:18:16.902 [main] INFO  s.d.spring.web.scanners.ApiListingReferenceScanner - Scanning for api listing references
2021-01-21 11:18:17.119 [main] INFO  s.d.spring.web.scanners.ApiListingReferenceScanner - Scanning for api listing references
2021-01-21 11:18:17.122 [main] INFO  s.d.s.w.r.operation.CachingOperationNameGenerator - Generating unique operation named: methodUsingPOST_1
2021-01-21 11:18:17.123 [main] INFO  s.d.s.w.r.operation.CachingOperationNameGenerator - Generating unique operation named: insertUsingPOST_1
2021-01-21 11:18:17.142 [main] INFO  s.d.s.w.r.operation.CachingOperationNameGenerator - Generating unique operation named: appointPickUpUsingPOST_1
2021-01-21 11:18:17.146 [main] INFO  s.d.s.w.r.operation.CachingOperationNameGenerator - Generating unique operation named: electronicCancelUsingPOST_1
2021-01-21 11:18:17.159 [main] INFO  s.d.s.w.r.operation.CachingOperationNameGenerator - Generating unique operation named: electronicSheetUsingPOST_1
2021-01-21 11:18:17.168 [main] INFO  s.d.s.w.r.operation.CachingOperationNameGenerator - Generating unique operation named: visitPickUpUsingPOST_1
2021-01-21 11:18:17.174 [main] INFO  s.d.s.w.r.operation.CachingOperationNameGenerator - Generating unique operation named: getOpenIdUsingPOST_1
2021-01-21 11:18:17.180 [main] INFO  s.d.s.w.r.operation.CachingOperationNameGenerator - Generating unique operation named: createWxPayUsingPOST_1
2021-01-21 11:18:17.182 [main] INFO  s.d.s.w.r.operation.CachingOperationNameGenerator - Generating unique operation named: commonlyListUsingGET_1
2021-01-21 11:18:17.185 [main] INFO  s.d.s.w.r.operation.CachingOperationNameGenerator - Generating unique operation named: immediateQueryUsingGET_1
2021-01-21 11:18:17.196 [main] INFO  com.fx.shop.ShopApplication - Started ShopApplication in 5.145 seconds (JVM running for 6.71)
2021-01-21 11:21:05.711 [SpringContextShutdownHook] INFO  o.s.scheduling.concurrent.ThreadPoolTaskExecutor - Shutting down ExecutorService 'applicationTaskExecutor'
2021-01-21 11:21:05.714 [SpringContextShutdownHook] INFO  com.alibaba.druid.pool.DruidDataSource - {dataSource-0} closing ...
2021-01-21 11:22:36.364 [background-preinit] INFO  org.hibernate.validator.internal.util.Version - HV000001: Hibernate Validator 6.1.6.Final
2021-01-21 11:22:36.358 [main] INFO  com.fx.shop.ShopApplication - Starting ShopApplication using Java 1.8.0_152 on AUTOBVT-K8KUTA7 with PID 7524 (F:\myIdeaspace\shop\target\classes started by Administrator in F:\myIdeaspace\shop)
2021-01-21 11:22:36.374 [main] INFO  com.fx.shop.ShopApplication - No active profile set, falling back to default profiles: default
2021-01-21 11:22:37.515 [main] INFO  o.s.d.r.config.RepositoryConfigurationDelegate - Multiple Spring Data modules found, entering strict repository configuration mode!
2021-01-21 11:22:37.518 [main] INFO  o.s.d.r.config.RepositoryConfigurationDelegate - Bootstrapping Spring Data Redis repositories in DEFAULT mode.
2021-01-21 11:22:37.553 [main] INFO  o.s.d.r.config.RepositoryConfigurationDelegate - Finished Spring Data repository scanning in 18 ms. Found 0 Redis repository interfaces.
2021-01-21 11:22:38.160 [main] INFO  o.s.boot.web.embedded.tomcat.TomcatWebServer - Tomcat initialized with port(s): 8787 (http)
2021-01-21 11:22:38.171 [main] INFO  org.apache.coyote.http11.Http11NioProtocol - Initializing ProtocolHandler ["http-nio-8787"]
2021-01-21 11:22:38.172 [main] INFO  org.apache.catalina.core.StandardService - Starting service [Tomcat]
2021-01-21 11:22:38.172 [main] INFO  org.apache.catalina.core.StandardEngine - Starting Servlet engine: [Apache Tomcat/9.0.39]
2021-01-21 11:22:38.372 [main] INFO  o.a.c.core.ContainerBase.[Tomcat].[localhost].[/] - Initializing Spring embedded WebApplicationContext
2021-01-21 11:22:38.373 [main] INFO  o.s.b.w.s.c.ServletWebServerApplicationContext - Root WebApplicationContext: initialization completed in 1938 ms
2021-01-21 11:22:40.445 [main] INFO  s.d.s.w.WebMvcPropertySourcedRequestMappingHandlerMapping - Mapped URL path [/v2/api-docs] onto method [springfox.documentation.swagger2.web.Swagger2ControllerWebMvc#getDocumentation(String, HttpServletRequest)]
2021-01-21 11:22:40.525 [main] INFO  o.s.scheduling.concurrent.ThreadPoolTaskExecutor - Initializing ExecutorService 'applicationTaskExecutor'
2021-01-21 11:22:42.658 [main] INFO  org.apache.coyote.http11.Http11NioProtocol - Starting ProtocolHandler ["http-nio-8787"]
2021-01-21 11:22:42.843 [main] INFO  o.s.boot.web.embedded.tomcat.TomcatWebServer - Tomcat started on port(s): 8787 (http) with context path ''
2021-01-21 11:22:42.846 [main] INFO  com.fx.shop.ShopApplication - 
---------------------------------------------------------
	Application is running! Access address:
	Profile:	
	Local:		http://localhost:8787
	External:	http://192.168.0.177:8787
	Swagger:	http://192.168.0.177:8787/doc.html
---------------------------------------------------------

2021-01-21 11:22:42.853 [main] INFO  s.d.s.web.plugins.DocumentationPluginsBootstrapper - Documentation plugins bootstrapped
2021-01-21 11:22:42.858 [main] INFO  s.d.s.web.plugins.DocumentationPluginsBootstrapper - Found 2 custom documentation plugin(s)
2021-01-21 11:22:42.958 [main] INFO  s.d.spring.web.scanners.ApiListingReferenceScanner - Scanning for api listing references
2021-01-21 11:22:43.369 [main] INFO  s.d.spring.web.scanners.ApiListingReferenceScanner - Scanning for api listing references
2021-01-21 11:22:43.372 [main] INFO  s.d.s.w.r.operation.CachingOperationNameGenerator - Generating unique operation named: methodUsingPOST_1
2021-01-21 11:22:43.409 [main] INFO  s.d.s.w.r.operation.CachingOperationNameGenerator - Generating unique operation named: appointPickUpUsingPOST_1
2021-01-21 11:22:43.413 [main] INFO  s.d.s.w.r.operation.CachingOperationNameGenerator - Generating unique operation named: electronicCancelUsingPOST_1
2021-01-21 11:22:43.427 [main] INFO  s.d.s.w.r.operation.CachingOperationNameGenerator - Generating unique operation named: electronicSheetUsingPOST_1
2021-01-21 11:22:43.435 [main] INFO  s.d.s.w.r.operation.CachingOperationNameGenerator - Generating unique operation named: visitPickUpUsingPOST_1
2021-01-21 11:22:43.441 [main] INFO  s.d.s.w.r.operation.CachingOperationNameGenerator - Generating unique operation named: getOpenIdUsingPOST_1
2021-01-21 11:22:43.466 [main] INFO  s.d.s.w.r.operation.CachingOperationNameGenerator - Generating unique operation named: createWxPayUsingPOST_1
2021-01-21 11:22:43.473 [main] INFO  s.d.s.w.r.operation.CachingOperationNameGenerator - Generating unique operation named: commonlyListUsingGET_1
2021-01-21 11:22:43.476 [main] INFO  s.d.s.w.r.operation.CachingOperationNameGenerator - Generating unique operation named: immediateQueryUsingGET_1
2021-01-21 11:22:43.522 [main] INFO  com.fx.shop.ShopApplication - Started ShopApplication in 7.974 seconds (JVM running for 9.224)
2021-01-21 11:22:50.323 [http-nio-8787-exec-1] INFO  o.a.c.core.ContainerBase.[Tomcat].[localhost].[/] - Initializing Spring DispatcherServlet 'dispatcherServlet'
2021-01-21 11:22:50.324 [http-nio-8787-exec-1] INFO  org.springframework.web.servlet.DispatcherServlet - Initializing Servlet 'dispatcherServlet'
2021-01-21 11:22:50.328 [http-nio-8787-exec-1] INFO  org.springframework.web.servlet.DispatcherServlet - Completed initialization in 4 ms
2021-01-21 11:26:55.787 [SpringContextShutdownHook] INFO  o.s.scheduling.concurrent.ThreadPoolTaskExecutor - Shutting down ExecutorService 'applicationTaskExecutor'
2021-01-21 11:26:55.789 [SpringContextShutdownHook] INFO  com.alibaba.druid.pool.DruidDataSource - {dataSource-0} closing ...
2021-01-21 11:27:03.364 [main] INFO  com.fx.shop.ShopApplication - Starting ShopApplication using Java 1.8.0_152 on AUTOBVT-K8KUTA7 with PID 7072 (F:\myIdeaspace\shop\target\classes started by Administrator in F:\myIdeaspace\shop)
2021-01-21 11:27:03.363 [background-preinit] INFO  org.hibernate.validator.internal.util.Version - HV000001: Hibernate Validator 6.1.6.Final
2021-01-21 11:27:03.368 [main] INFO  com.fx.shop.ShopApplication - No active profile set, falling back to default profiles: default
2021-01-21 11:27:04.518 [main] INFO  o.s.d.r.config.RepositoryConfigurationDelegate - Multiple Spring Data modules found, entering strict repository configuration mode!
2021-01-21 11:27:04.520 [main] INFO  o.s.d.r.config.RepositoryConfigurationDelegate - Bootstrapping Spring Data Redis repositories in DEFAULT mode.
2021-01-21 11:27:04.554 [main] INFO  o.s.d.r.config.RepositoryConfigurationDelegate - Finished Spring Data repository scanning in 17 ms. Found 0 Redis repository interfaces.
2021-01-21 11:27:05.149 [main] INFO  o.s.boot.web.embedded.tomcat.TomcatWebServer - Tomcat initialized with port(s): 8787 (http)
2021-01-21 11:27:05.160 [main] INFO  org.apache.coyote.http11.Http11NioProtocol - Initializing ProtocolHandler ["http-nio-8787"]
2021-01-21 11:27:05.161 [main] INFO  org.apache.catalina.core.StandardService - Starting service [Tomcat]
2021-01-21 11:27:05.161 [main] INFO  org.apache.catalina.core.StandardEngine - Starting Servlet engine: [Apache Tomcat/9.0.39]
2021-01-21 11:27:05.296 [main] INFO  o.a.c.core.ContainerBase.[Tomcat].[localhost].[/] - Initializing Spring embedded WebApplicationContext
2021-01-21 11:27:05.296 [main] INFO  o.s.b.w.s.c.ServletWebServerApplicationContext - Root WebApplicationContext: initialization completed in 1868 ms
2021-01-21 11:27:06.816 [main] INFO  s.d.s.w.WebMvcPropertySourcedRequestMappingHandlerMapping - Mapped URL path [/v2/api-docs] onto method [springfox.documentation.swagger2.web.Swagger2ControllerWebMvc#getDocumentation(String, HttpServletRequest)]
2021-01-21 11:27:06.896 [main] INFO  o.s.scheduling.concurrent.ThreadPoolTaskExecutor - Initializing ExecutorService 'applicationTaskExecutor'
2021-01-21 11:27:07.640 [main] INFO  org.apache.coyote.http11.Http11NioProtocol - Starting ProtocolHandler ["http-nio-8787"]
2021-01-21 11:27:07.666 [main] INFO  o.s.boot.web.embedded.tomcat.TomcatWebServer - Tomcat started on port(s): 8787 (http) with context path ''
2021-01-21 11:27:07.669 [main] INFO  com.fx.shop.ShopApplication - 
---------------------------------------------------------
	Application is running! Access address:
	Profile:	
	Local:		http://localhost:8787
	External:	http://192.168.0.177:8787
	Swagger:	http://192.168.0.177:8787/doc.html
---------------------------------------------------------

2021-01-21 11:27:07.669 [main] INFO  s.d.s.web.plugins.DocumentationPluginsBootstrapper - Documentation plugins bootstrapped
2021-01-21 11:27:07.673 [main] INFO  s.d.s.web.plugins.DocumentationPluginsBootstrapper - Found 2 custom documentation plugin(s)
2021-01-21 11:27:07.712 [main] INFO  s.d.spring.web.scanners.ApiListingReferenceScanner - Scanning for api listing references
2021-01-21 11:27:07.952 [main] INFO  s.d.spring.web.scanners.ApiListingReferenceScanner - Scanning for api listing references
2021-01-21 11:27:07.954 [main] INFO  s.d.s.w.r.operation.CachingOperationNameGenerator - Generating unique operation named: methodUsingPOST_1
2021-01-21 11:27:07.972 [main] INFO  s.d.s.w.r.operation.CachingOperationNameGenerator - Generating unique operation named: appointPickUpUsingPOST_1
2021-01-21 11:27:07.976 [main] INFO  s.d.s.w.r.operation.CachingOperationNameGenerator - Generating unique operation named: electronicCancelUsingPOST_1
2021-01-21 11:27:07.988 [main] INFO  s.d.s.w.r.operation.CachingOperationNameGenerator - Generating unique operation named: electronicSheetUsingPOST_1
2021-01-21 11:27:07.997 [main] INFO  s.d.s.w.r.operation.CachingOperationNameGenerator - Generating unique operation named: visitPickUpUsingPOST_1
2021-01-21 11:27:08.003 [main] INFO  s.d.s.w.r.operation.CachingOperationNameGenerator - Generating unique operation named: getOpenIdUsingPOST_1
2021-01-21 11:27:08.009 [main] INFO  s.d.s.w.r.operation.CachingOperationNameGenerator - Generating unique operation named: createWxPayUsingPOST_1
2021-01-21 11:27:08.011 [main] INFO  s.d.s.w.r.operation.CachingOperationNameGenerator - Generating unique operation named: commonlyListUsingGET_1
2021-01-21 11:27:08.013 [main] INFO  s.d.s.w.r.operation.CachingOperationNameGenerator - Generating unique operation named: immediateQueryUsingGET_1
2021-01-21 11:27:08.024 [main] INFO  com.fx.shop.ShopApplication - Started ShopApplication in 5.445 seconds (JVM running for 6.535)
2021-01-21 11:27:35.992 [http-nio-8787-exec-1] INFO  o.a.c.core.ContainerBase.[Tomcat].[localhost].[/] - Initializing Spring DispatcherServlet 'dispatcherServlet'
2021-01-21 11:27:35.993 [http-nio-8787-exec-1] INFO  org.springframework.web.servlet.DispatcherServlet - Initializing Servlet 'dispatcherServlet'
2021-01-21 11:27:36.004 [http-nio-8787-exec-1] INFO  org.springframework.web.servlet.DispatcherServlet - Completed initialization in 11 ms
2021-01-21 11:27:38.186 [http-nio-8787-exec-1] INFO  com.fx.shop.controller.CccController - 4567
2021-01-21 11:32:38.844 [SpringContextShutdownHook] INFO  o.s.scheduling.concurrent.ThreadPoolTaskExecutor - Shutting down ExecutorService 'applicationTaskExecutor'
2021-01-21 11:32:38.847 [SpringContextShutdownHook] INFO  com.alibaba.druid.pool.DruidDataSource - {dataSource-0} closing ...
2021-01-21 11:32:42.086 [main] INFO  com.fx.shop.ShopApplication - Starting ShopApplication using Java 1.8.0_152 on AUTOBVT-K8KUTA7 with PID 3420 (F:\myIdeaspace\shop\target\classes started by Administrator in F:\myIdeaspace\shop)
2021-01-21 11:32:42.082 [background-preinit] INFO  org.hibernate.validator.internal.util.Version - HV000001: Hibernate Validator 6.1.6.Final
2021-01-21 11:32:42.087 [main] INFO  com.fx.shop.ShopApplication - No active profile set, falling back to default profiles: default
2021-01-21 11:32:43.164 [main] INFO  o.s.d.r.config.RepositoryConfigurationDelegate - Multiple Spring Data modules found, entering strict repository configuration mode!
2021-01-21 11:32:43.167 [main] INFO  o.s.d.r.config.RepositoryConfigurationDelegate - Bootstrapping Spring Data Redis repositories in DEFAULT mode.
2021-01-21 11:32:43.202 [main] INFO  o.s.d.r.config.RepositoryConfigurationDelegate - Finished Spring Data repository scanning in 18 ms. Found 0 Redis repository interfaces.
2021-01-21 11:32:43.863 [main] INFO  o.s.boot.web.embedded.tomcat.TomcatWebServer - Tomcat initialized with port(s): 8787 (http)
2021-01-21 11:32:43.873 [main] INFO  org.apache.coyote.http11.Http11NioProtocol - Initializing ProtocolHandler ["http-nio-8787"]
2021-01-21 11:32:43.874 [main] INFO  org.apache.catalina.core.StandardService - Starting service [Tomcat]
2021-01-21 11:32:43.874 [main] INFO  org.apache.catalina.core.StandardEngine - Starting Servlet engine: [Apache Tomcat/9.0.39]
2021-01-21 11:32:44.068 [main] INFO  o.a.c.core.ContainerBase.[Tomcat].[localhost].[/] - Initializing Spring embedded WebApplicationContext
2021-01-21 11:32:44.068 [main] INFO  o.s.b.w.s.c.ServletWebServerApplicationContext - Root WebApplicationContext: initialization completed in 1927 ms
2021-01-21 11:32:45.447 [main] INFO  s.d.s.w.WebMvcPropertySourcedRequestMappingHandlerMapping - Mapped URL path [/v2/api-docs] onto method [springfox.documentation.swagger2.web.Swagger2ControllerWebMvc#getDocumentation(String, HttpServletRequest)]
2021-01-21 11:32:45.518 [main] INFO  o.s.scheduling.concurrent.ThreadPoolTaskExecutor - Initializing ExecutorService 'applicationTaskExecutor'
2021-01-21 11:32:46.276 [main] INFO  org.apache.coyote.http11.Http11NioProtocol - Starting ProtocolHandler ["http-nio-8787"]
2021-01-21 11:32:46.320 [main] INFO  o.s.boot.web.embedded.tomcat.TomcatWebServer - Tomcat started on port(s): 8787 (http) with context path ''
2021-01-21 11:32:46.322 [main] INFO  com.fx.shop.ShopApplication - 
---------------------------------------------------------
	Application is running! Access address:
	Profile:	
	Local:		http://localhost:8787
	External:	http://192.168.0.177:8787
	Swagger:	http://192.168.0.177:8787/doc.html
---------------------------------------------------------

2021-01-21 11:32:46.322 [main] INFO  s.d.s.web.plugins.DocumentationPluginsBootstrapper - Documentation plugins bootstrapped
2021-01-21 11:32:46.326 [main] INFO  s.d.s.web.plugins.DocumentationPluginsBootstrapper - Found 2 custom documentation plugin(s)
2021-01-21 11:32:46.359 [main] INFO  s.d.spring.web.scanners.ApiListingReferenceScanner - Scanning for api listing references
2021-01-21 11:32:46.583 [main] INFO  s.d.spring.web.scanners.ApiListingReferenceScanner - Scanning for api listing references
2021-01-21 11:32:46.585 [main] INFO  s.d.s.w.r.operation.CachingOperationNameGenerator - Generating unique operation named: methodUsingPOST_1
2021-01-21 11:32:46.603 [main] INFO  s.d.s.w.r.operation.CachingOperationNameGenerator - Generating unique operation named: appointPickUpUsingPOST_1
2021-01-21 11:32:46.606 [main] INFO  s.d.s.w.r.operation.CachingOperationNameGenerator - Generating unique operation named: electronicCancelUsingPOST_1
2021-01-21 11:32:46.619 [main] INFO  s.d.s.w.r.operation.CachingOperationNameGenerator - Generating unique operation named: electronicSheetUsingPOST_1
2021-01-21 11:32:46.627 [main] INFO  s.d.s.w.r.operation.CachingOperationNameGenerator - Generating unique operation named: visitPickUpUsingPOST_1
2021-01-21 11:32:46.632 [main] INFO  s.d.s.w.r.operation.CachingOperationNameGenerator - Generating unique operation named: getOpenIdUsingPOST_1
2021-01-21 11:32:46.638 [main] INFO  s.d.s.w.r.operation.CachingOperationNameGenerator - Generating unique operation named: createWxPayUsingPOST_1
2021-01-21 11:32:46.640 [main] INFO  s.d.s.w.r.operation.CachingOperationNameGenerator - Generating unique operation named: commonlyListUsingGET_1
2021-01-21 11:32:46.643 [main] INFO  s.d.s.w.r.operation.CachingOperationNameGenerator - Generating unique operation named: immediateQueryUsingGET_1
2021-01-21 11:32:46.654 [main] INFO  com.fx.shop.ShopApplication - Started ShopApplication in 5.404 seconds (JVM running for 6.997)
2021-01-21 11:33:09.111 [http-nio-8787-exec-1] INFO  o.a.c.core.ContainerBase.[Tomcat].[localhost].[/] - Initializing Spring DispatcherServlet 'dispatcherServlet'
2021-01-21 11:33:09.112 [http-nio-8787-exec-1] INFO  org.springframework.web.servlet.DispatcherServlet - Initializing Servlet 'dispatcherServlet'
2021-01-21 11:33:09.131 [http-nio-8787-exec-1] INFO  org.springframework.web.servlet.DispatcherServlet - Completed initialization in 19 ms
2021-01-21 11:33:12.721 [http-nio-8787-exec-1] INFO  com.fx.shop.controller.CccController - 4567
2021-01-21 11:35:36.441 [SpringContextShutdownHook] INFO  o.s.scheduling.concurrent.ThreadPoolTaskExecutor - Shutting down ExecutorService 'applicationTaskExecutor'
2021-01-21 11:35:36.444 [SpringContextShutdownHook] INFO  com.alibaba.druid.pool.DruidDataSource - {dataSource-0} closing ...
2021-01-21 11:35:59.429 [background-preinit] INFO  org.hibernate.validator.internal.util.Version - HV000001: Hibernate Validator 6.1.6.Final
2021-01-21 11:35:59.444 [main] INFO  com.fx.shop.ShopApplication - Starting ShopApplication using Java 1.8.0_152 on AUTOBVT-K8KUTA7 with PID 10332 (F:\myIdeaspace\shop\target\classes started by Administrator in F:\myIdeaspace\shop)
2021-01-21 11:35:59.445 [main] INFO  com.fx.shop.ShopApplication - No active profile set, falling back to default profiles: default
2021-01-21 11:36:00.578 [main] INFO  o.s.d.r.config.RepositoryConfigurationDelegate - Multiple Spring Data modules found, entering strict repository configuration mode!
2021-01-21 11:36:00.581 [main] INFO  o.s.d.r.config.RepositoryConfigurationDelegate - Bootstrapping Spring Data Redis repositories in DEFAULT mode.
2021-01-21 11:36:00.616 [main] INFO  o.s.d.r.config.RepositoryConfigurationDelegate - Finished Spring Data repository scanning in 19 ms. Found 0 Redis repository interfaces.
2021-01-21 11:36:01.228 [main] INFO  o.s.boot.web.embedded.tomcat.TomcatWebServer - Tomcat initialized with port(s): 8787 (http)
2021-01-21 11:36:01.238 [main] INFO  org.apache.coyote.http11.Http11NioProtocol - Initializing ProtocolHandler ["http-nio-8787"]
2021-01-21 11:36:01.239 [main] INFO  org.apache.catalina.core.StandardService - Starting service [Tomcat]
2021-01-21 11:36:01.239 [main] INFO  org.apache.catalina.core.StandardEngine - Starting Servlet engine: [Apache Tomcat/9.0.39]
2021-01-21 11:36:01.427 [main] INFO  o.a.c.core.ContainerBase.[Tomcat].[localhost].[/] - Initializing Spring embedded WebApplicationContext
2021-01-21 11:36:01.428 [main] INFO  o.s.b.w.s.c.ServletWebServerApplicationContext - Root WebApplicationContext: initialization completed in 1925 ms
2021-01-21 11:36:02.794 [main] INFO  s.d.s.w.WebMvcPropertySourcedRequestMappingHandlerMapping - Mapped URL path [/v2/api-docs] onto method [springfox.documentation.swagger2.web.Swagger2ControllerWebMvc#getDocumentation(String, HttpServletRequest)]
2021-01-21 11:36:02.865 [main] INFO  o.s.scheduling.concurrent.ThreadPoolTaskExecutor - Initializing ExecutorService 'applicationTaskExecutor'
2021-01-21 11:36:03.585 [main] INFO  org.apache.coyote.http11.Http11NioProtocol - Starting ProtocolHandler ["http-nio-8787"]
2021-01-21 11:36:03.633 [main] INFO  o.s.boot.web.embedded.tomcat.TomcatWebServer - Tomcat started on port(s): 8787 (http) with context path ''
2021-01-21 11:36:03.636 [main] INFO  com.fx.shop.ShopApplication - 
---------------------------------------------------------
	Application is running! Access address:
	Profile:	
	Local:		http://localhost:8787
	External:	http://192.168.0.177:8787
	Swagger:	http://192.168.0.177:8787/doc.html
---------------------------------------------------------

2021-01-21 11:36:03.636 [main] INFO  s.d.s.web.plugins.DocumentationPluginsBootstrapper - Documentation plugins bootstrapped
2021-01-21 11:36:03.640 [main] INFO  s.d.s.web.plugins.DocumentationPluginsBootstrapper - Found 2 custom documentation plugin(s)
2021-01-21 11:36:03.678 [main] INFO  s.d.spring.web.scanners.ApiListingReferenceScanner - Scanning for api listing references
2021-01-21 11:36:03.910 [main] INFO  s.d.spring.web.scanners.ApiListingReferenceScanner - Scanning for api listing references
2021-01-21 11:36:03.912 [main] INFO  s.d.s.w.r.operation.CachingOperationNameGenerator - Generating unique operation named: methodUsingPOST_1
2021-01-21 11:36:03.930 [main] INFO  s.d.s.w.r.operation.CachingOperationNameGenerator - Generating unique operation named: appointPickUpUsingPOST_1
2021-01-21 11:36:03.933 [main] INFO  s.d.s.w.r.operation.CachingOperationNameGenerator - Generating unique operation named: electronicCancelUsingPOST_1
2021-01-21 11:36:03.945 [main] INFO  s.d.s.w.r.operation.CachingOperationNameGenerator - Generating unique operation named: electronicSheetUsingPOST_1
2021-01-21 11:36:03.954 [main] INFO  s.d.s.w.r.operation.CachingOperationNameGenerator - Generating unique operation named: visitPickUpUsingPOST_1
2021-01-21 11:36:03.959 [main] INFO  s.d.s.w.r.operation.CachingOperationNameGenerator - Generating unique operation named: getOpenIdUsingPOST_1
2021-01-21 11:36:03.965 [main] INFO  s.d.s.w.r.operation.CachingOperationNameGenerator - Generating unique operation named: createWxPayUsingPOST_1
2021-01-21 11:36:03.967 [main] INFO  s.d.s.w.r.operation.CachingOperationNameGenerator - Generating unique operation named: commonlyListUsingGET_1
2021-01-21 11:36:03.969 [main] INFO  s.d.s.w.r.operation.CachingOperationNameGenerator - Generating unique operation named: immediateQueryUsingGET_1
2021-01-21 11:36:03.980 [main] INFO  com.fx.shop.ShopApplication - Started ShopApplication in 5.569 seconds (JVM running for 8.872)
2021-01-21 11:36:14.178 [http-nio-8787-exec-1] INFO  o.a.c.core.ContainerBase.[Tomcat].[localhost].[/] - Initializing Spring DispatcherServlet 'dispatcherServlet'
2021-01-21 11:36:14.178 [http-nio-8787-exec-1] INFO  org.springframework.web.servlet.DispatcherServlet - Initializing Servlet 'dispatcherServlet'
2021-01-21 11:36:14.181 [http-nio-8787-exec-1] INFO  org.springframework.web.servlet.DispatcherServlet - Completed initialization in 2 ms
2021-01-21 11:37:50.078 [SpringContextShutdownHook] INFO  o.s.scheduling.concurrent.ThreadPoolTaskExecutor - Shutting down ExecutorService 'applicationTaskExecutor'
2021-01-21 11:37:50.080 [SpringContextShutdownHook] INFO  com.alibaba.druid.pool.DruidDataSource - {dataSource-0} closing ...
2021-01-21 11:37:58.467 [background-preinit] INFO  org.hibernate.validator.internal.util.Version - HV000001: Hibernate Validator 6.1.6.Final
2021-01-21 11:37:58.494 [main] INFO  com.fx.shop.ShopApplication - Starting ShopApplication using Java 1.8.0_152 on AUTOBVT-K8KUTA7 with PID 11864 (F:\myIdeaspace\shop\target\classes started by Administrator in F:\myIdeaspace\shop)
2021-01-21 11:37:58.496 [main] INFO  com.fx.shop.ShopApplication - No active profile set, falling back to default profiles: default
2021-01-21 11:37:59.689 [main] INFO  o.s.d.r.config.RepositoryConfigurationDelegate - Multiple Spring Data modules found, entering strict repository configuration mode!
2021-01-21 11:37:59.692 [main] INFO  o.s.d.r.config.RepositoryConfigurationDelegate - Bootstrapping Spring Data Redis repositories in DEFAULT mode.
2021-01-21 11:37:59.726 [main] INFO  o.s.d.r.config.RepositoryConfigurationDelegate - Finished Spring Data repository scanning in 18 ms. Found 0 Redis repository interfaces.
2021-01-21 11:38:00.481 [main] INFO  o.s.boot.web.embedded.tomcat.TomcatWebServer - Tomcat initialized with port(s): 8787 (http)
2021-01-21 11:38:00.491 [main] INFO  org.apache.coyote.http11.Http11NioProtocol - Initializing ProtocolHandler ["http-nio-8787"]
2021-01-21 11:38:00.492 [main] INFO  org.apache.catalina.core.StandardService - Starting service [Tomcat]
2021-01-21 11:38:00.492 [main] INFO  org.apache.catalina.core.StandardEngine - Starting Servlet engine: [Apache Tomcat/9.0.39]
2021-01-21 11:38:00.804 [main] INFO  o.a.c.core.ContainerBase.[Tomcat].[localhost].[/] - Initializing Spring embedded WebApplicationContext
2021-01-21 11:38:00.806 [main] INFO  o.s.b.w.s.c.ServletWebServerApplicationContext - Root WebApplicationContext: initialization completed in 2235 ms
2021-01-21 11:38:02.474 [main] INFO  s.d.s.w.WebMvcPropertySourcedRequestMappingHandlerMapping - Mapped URL path [/v2/api-docs] onto method [springfox.documentation.swagger2.web.Swagger2ControllerWebMvc#getDocumentation(String, HttpServletRequest)]
2021-01-21 11:38:02.548 [main] INFO  o.s.scheduling.concurrent.ThreadPoolTaskExecutor - Initializing ExecutorService 'applicationTaskExecutor'
2021-01-21 11:38:03.301 [main] INFO  org.apache.coyote.http11.Http11NioProtocol - Starting ProtocolHandler ["http-nio-8787"]
2021-01-21 11:38:03.327 [main] INFO  o.s.boot.web.embedded.tomcat.TomcatWebServer - Tomcat started on port(s): 8787 (http) with context path ''
2021-01-21 11:38:03.329 [main] INFO  com.fx.shop.ShopApplication - 
---------------------------------------------------------
	Application is running! Access address:
	Profile:	
	Local:		http://localhost:8787
	External:	http://192.168.0.177:8787
	Swagger:	http://192.168.0.177:8787/doc.html
---------------------------------------------------------

2021-01-21 11:38:03.330 [main] INFO  s.d.s.web.plugins.DocumentationPluginsBootstrapper - Documentation plugins bootstrapped
2021-01-21 11:38:03.335 [main] INFO  s.d.s.web.plugins.DocumentationPluginsBootstrapper - Found 2 custom documentation plugin(s)
2021-01-21 11:38:03.375 [main] INFO  s.d.spring.web.scanners.ApiListingReferenceScanner - Scanning for api listing references
2021-01-21 11:38:03.616 [main] INFO  s.d.spring.web.scanners.ApiListingReferenceScanner - Scanning for api listing references
2021-01-21 11:38:03.618 [main] INFO  s.d.s.w.r.operation.CachingOperationNameGenerator - Generating unique operation named: methodUsingPOST_1
2021-01-21 11:38:03.636 [main] INFO  s.d.s.w.r.operation.CachingOperationNameGenerator - Generating unique operation named: appointPickUpUsingPOST_1
2021-01-21 11:38:03.639 [main] INFO  s.d.s.w.r.operation.CachingOperationNameGenerator - Generating unique operation named: electronicCancelUsingPOST_1
2021-01-21 11:38:03.651 [main] INFO  s.d.s.w.r.operation.CachingOperationNameGenerator - Generating unique operation named: electronicSheetUsingPOST_1
2021-01-21 11:38:03.659 [main] INFO  s.d.s.w.r.operation.CachingOperationNameGenerator - Generating unique operation named: visitPickUpUsingPOST_1
2021-01-21 11:38:03.664 [main] INFO  s.d.s.w.r.operation.CachingOperationNameGenerator - Generating unique operation named: getOpenIdUsingPOST_1
2021-01-21 11:38:03.669 [main] INFO  s.d.s.w.r.operation.CachingOperationNameGenerator - Generating unique operation named: createWxPayUsingPOST_1
2021-01-21 11:38:03.671 [main] INFO  s.d.s.w.r.operation.CachingOperationNameGenerator - Generating unique operation named: commonlyListUsingGET_1
2021-01-21 11:38:03.674 [main] INFO  s.d.s.w.r.operation.CachingOperationNameGenerator - Generating unique operation named: immediateQueryUsingGET_1
2021-01-21 11:38:03.685 [main] INFO  com.fx.shop.ShopApplication - Started ShopApplication in 6.097 seconds (JVM running for 7.159)
2021-01-21 11:45:35.316 [SpringContextShutdownHook] INFO  o.s.scheduling.concurrent.ThreadPoolTaskExecutor - Shutting down ExecutorService 'applicationTaskExecutor'
2021-01-21 11:45:35.319 [SpringContextShutdownHook] INFO  com.alibaba.druid.pool.DruidDataSource - {dataSource-0} closing ...
2021-01-21 11:45:43.049 [main] INFO  com.fx.shop.ShopApplication - Starting ShopApplication using Java 1.8.0_152 on AUTOBVT-K8KUTA7 with PID 9052 (F:\myIdeaspace\shop\target\classes started by Administrator in F:\myIdeaspace\shop)
2021-01-21 11:45:43.053 [main] INFO  com.fx.shop.ShopApplication - No active profile set, falling back to default profiles: default
2021-01-21 11:45:43.088 [background-preinit] INFO  org.hibernate.validator.internal.util.Version - HV000001: Hibernate Validator 6.1.6.Final
2021-01-21 11:45:44.276 [main] INFO  o.s.d.r.config.RepositoryConfigurationDelegate - Multiple Spring Data modules found, entering strict repository configuration mode!
2021-01-21 11:45:44.279 [main] INFO  o.s.d.r.config.RepositoryConfigurationDelegate - Bootstrapping Spring Data Redis repositories in DEFAULT mode.
2021-01-21 11:45:44.333 [main] INFO  o.s.d.r.config.RepositoryConfigurationDelegate - Finished Spring Data repository scanning in 36 ms. Found 0 Redis repository interfaces.
2021-01-21 11:45:44.921 [main] INFO  o.s.boot.web.embedded.tomcat.TomcatWebServer - Tomcat initialized with port(s): 8787 (http)
2021-01-21 11:45:44.931 [main] INFO  org.apache.coyote.http11.Http11NioProtocol - Initializing ProtocolHandler ["http-nio-8787"]
2021-01-21 11:45:44.932 [main] INFO  org.apache.catalina.core.StandardService - Starting service [Tomcat]
2021-01-21 11:45:44.932 [main] INFO  org.apache.catalina.core.StandardEngine - Starting Servlet engine: [Apache Tomcat/9.0.39]
2021-01-21 11:45:45.116 [main] INFO  o.a.c.core.ContainerBase.[Tomcat].[localhost].[/] - Initializing Spring embedded WebApplicationContext
2021-01-21 11:45:45.116 [main] INFO  o.s.b.w.s.c.ServletWebServerApplicationContext - Root WebApplicationContext: initialization completed in 1987 ms
2021-01-21 11:45:46.521 [main] INFO  s.d.s.w.WebMvcPropertySourcedRequestMappingHandlerMapping - Mapped URL path [/v2/api-docs] onto method [springfox.documentation.swagger2.web.Swagger2ControllerWebMvc#getDocumentation(String, HttpServletRequest)]
2021-01-21 11:45:46.598 [main] INFO  o.s.scheduling.concurrent.ThreadPoolTaskExecutor - Initializing ExecutorService 'applicationTaskExecutor'
2021-01-21 11:45:47.322 [main] INFO  org.apache.coyote.http11.Http11NioProtocol - Starting ProtocolHandler ["http-nio-8787"]
2021-01-21 11:45:47.346 [main] INFO  o.s.boot.web.embedded.tomcat.TomcatWebServer - Tomcat started on port(s): 8787 (http) with context path ''
2021-01-21 11:45:47.349 [main] INFO  com.fx.shop.ShopApplication - 
---------------------------------------------------------
	Application is running! Access address:
	Profile:	
	Local:		http://localhost:8787
	External:	http://192.168.0.177:8787
	Swagger:	http://192.168.0.177:8787/doc.html
---------------------------------------------------------

2021-01-21 11:45:47.349 [main] INFO  s.d.s.web.plugins.DocumentationPluginsBootstrapper - Documentation plugins bootstrapped
2021-01-21 11:45:47.353 [main] INFO  s.d.s.web.plugins.DocumentationPluginsBootstrapper - Found 2 custom documentation plugin(s)
2021-01-21 11:45:47.391 [main] INFO  s.d.spring.web.scanners.ApiListingReferenceScanner - Scanning for api listing references
2021-01-21 11:45:47.674 [main] INFO  s.d.spring.web.scanners.ApiListingReferenceScanner - Scanning for api listing references
2021-01-21 11:45:47.677 [main] INFO  s.d.s.w.r.operation.CachingOperationNameGenerator - Generating unique operation named: methodUsingPOST_1
2021-01-21 11:45:47.697 [main] INFO  s.d.s.w.r.operation.CachingOperationNameGenerator - Generating unique operation named: appointPickUpUsingPOST_1
2021-01-21 11:45:47.701 [main] INFO  s.d.s.w.r.operation.CachingOperationNameGenerator - Generating unique operation named: electronicCancelUsingPOST_1
2021-01-21 11:45:47.713 [main] INFO  s.d.s.w.r.operation.CachingOperationNameGenerator - Generating unique operation named: electronicSheetUsingPOST_1
2021-01-21 11:45:47.721 [main] INFO  s.d.s.w.r.operation.CachingOperationNameGenerator - Generating unique operation named: visitPickUpUsingPOST_1
2021-01-21 11:45:47.726 [main] INFO  s.d.s.w.r.operation.CachingOperationNameGenerator - Generating unique operation named: getOpenIdUsingPOST_1
2021-01-21 11:45:47.732 [main] INFO  s.d.s.w.r.operation.CachingOperationNameGenerator - Generating unique operation named: createWxPayUsingPOST_1
2021-01-21 11:45:47.735 [main] INFO  s.d.s.w.r.operation.CachingOperationNameGenerator - Generating unique operation named: commonlyListUsingGET_1
2021-01-21 11:45:47.737 [main] INFO  s.d.s.w.r.operation.CachingOperationNameGenerator - Generating unique operation named: immediateQueryUsingGET_1
2021-01-21 11:45:47.748 [main] INFO  com.fx.shop.ShopApplication - Started ShopApplication in 5.448 seconds (JVM running for 6.545)
2021-01-21 11:45:52.495 [http-nio-8787-exec-1] INFO  o.a.c.core.ContainerBase.[Tomcat].[localhost].[/] - Initializing Spring DispatcherServlet 'dispatcherServlet'
2021-01-21 11:45:52.495 [http-nio-8787-exec-1] INFO  org.springframework.web.servlet.DispatcherServlet - Initializing Servlet 'dispatcherServlet'
2021-01-21 11:45:52.522 [http-nio-8787-exec-1] INFO  org.springframework.web.servlet.DispatcherServlet - Completed initialization in 27 ms
2021-01-21 11:45:54.830 [http-nio-8787-exec-1] INFO  com.fx.shop.controller.CccController - 4567
2021-01-21 11:47:10.243 [http-nio-8787-exec-4] INFO  com.fx.shop.controller.CccController - 4567
2021-01-21 11:47:10.254 [http-nio-8787-exec-4] INFO  com.fx.shop.controller.CccController - 张三
2021-01-21 14:11:04.241 [background-preinit] INFO  org.hibernate.validator.internal.util.Version - HV000001: Hibernate Validator 6.1.6.Final
2021-01-21 14:11:04.343 [main] INFO  com.fx.shop.ShopApplication - Starting ShopApplication using Java 1.8.0_152 on AUTOBVT-K8KUTA7 with PID 5224 (F:\myIdeaspace\shop\target\classes started by Administrator in F:\myIdeaspace\shop)
2021-01-21 14:11:04.344 [main] INFO  com.fx.shop.ShopApplication - No active profile set, falling back to default profiles: default
2021-01-21 14:11:07.029 [main] INFO  o.s.d.r.config.RepositoryConfigurationDelegate - Multiple Spring Data modules found, entering strict repository configuration mode!
2021-01-21 14:11:07.034 [main] INFO  o.s.d.r.config.RepositoryConfigurationDelegate - Bootstrapping Spring Data Redis repositories in DEFAULT mode.
2021-01-21 14:11:07.073 [main] INFO  o.s.d.r.config.RepositoryConfigurationDelegate - Finished Spring Data repository scanning in 20 ms. Found 0 Redis repository interfaces.
2021-01-21 14:11:07.405 [main] INFO  o.s.c.s.PostProcessorRegistrationDelegate$BeanPostProcessorChecker - Bean 'redisConfig' of type [com.fx.shop.config.RedisConfig$$EnhancerBySpringCGLIB$$1dd0310] is not eligible for getting processed by all BeanPostProcessors (for example: not eligible for auto-proxying)
2021-01-21 14:11:07.763 [main] INFO  o.s.boot.web.embedded.tomcat.TomcatWebServer - Tomcat initialized with port(s): 8787 (http)
2021-01-21 14:11:07.850 [main] INFO  org.apache.coyote.http11.Http11NioProtocol - Initializing ProtocolHandler ["http-nio-8787"]
2021-01-21 14:11:07.851 [main] INFO  org.apache.catalina.core.StandardService - Starting service [Tomcat]
2021-01-21 14:11:07.851 [main] INFO  org.apache.catalina.core.StandardEngine - Starting Servlet engine: [Apache Tomcat/9.0.39]
2021-01-21 14:11:07.972 [main] INFO  o.a.c.core.ContainerBase.[Tomcat].[localhost].[/] - Initializing Spring embedded WebApplicationContext
2021-01-21 14:11:07.972 [main] INFO  o.s.b.w.s.c.ServletWebServerApplicationContext - Root WebApplicationContext: initialization completed in 3571 ms
2021-01-21 14:11:09.695 [main] INFO  s.d.s.w.WebMvcPropertySourcedRequestMappingHandlerMapping - Mapped URL path [/v2/api-docs] onto method [springfox.documentation.swagger2.web.Swagger2ControllerWebMvc#getDocumentation(String, HttpServletRequest)]
2021-01-21 14:11:09.772 [main] INFO  o.s.scheduling.concurrent.ThreadPoolTaskExecutor - Initializing ExecutorService 'applicationTaskExecutor'
2021-01-21 14:11:10.307 [main] INFO  org.apache.coyote.http11.Http11NioProtocol - Starting ProtocolHandler ["http-nio-8787"]
2021-01-21 14:11:10.332 [main] INFO  o.s.boot.web.embedded.tomcat.TomcatWebServer - Tomcat started on port(s): 8787 (http) with context path ''
2021-01-21 14:11:10.334 [main] INFO  com.fx.shop.ShopApplication - 
---------------------------------------------------------
	Application is running! Access address:
	Profile:	
	Local:		http://localhost:8787
	External:	http://192.168.0.177:8787
	Swagger:	http://192.168.0.177:8787/doc.html
---------------------------------------------------------

2021-01-21 14:11:10.334 [main] INFO  s.d.s.web.plugins.DocumentationPluginsBootstrapper - Documentation plugins bootstrapped
2021-01-21 14:11:10.338 [main] INFO  s.d.s.web.plugins.DocumentationPluginsBootstrapper - Found 2 custom documentation plugin(s)
2021-01-21 14:11:10.395 [main] INFO  s.d.spring.web.scanners.ApiListingReferenceScanner - Scanning for api listing references
2021-01-21 14:11:10.606 [main] INFO  s.d.spring.web.scanners.ApiListingReferenceScanner - Scanning for api listing references
2021-01-21 14:11:10.609 [main] INFO  s.d.s.w.r.operation.CachingOperationNameGenerator - Generating unique operation named: methodUsingPOST_1
2021-01-21 14:11:10.610 [main] INFO  s.d.s.w.r.operation.CachingOperationNameGenerator - Generating unique operation named: method1UsingPOST_1
2021-01-21 14:11:10.629 [main] INFO  s.d.s.w.r.operation.CachingOperationNameGenerator - Generating unique operation named: appointPickUpUsingPOST_1
2021-01-21 14:11:10.632 [main] INFO  s.d.s.w.r.operation.CachingOperationNameGenerator - Generating unique operation named: electronicCancelUsingPOST_1
2021-01-21 14:11:10.645 [main] INFO  s.d.s.w.r.operation.CachingOperationNameGenerator - Generating unique operation named: electronicSheetUsingPOST_1
2021-01-21 14:11:10.654 [main] INFO  s.d.s.w.r.operation.CachingOperationNameGenerator - Generating unique operation named: visitPickUpUsingPOST_1
2021-01-21 14:11:10.660 [main] INFO  s.d.s.w.r.operation.CachingOperationNameGenerator - Generating unique operation named: getOpenIdUsingPOST_1
2021-01-21 14:11:10.666 [main] INFO  s.d.s.w.r.operation.CachingOperationNameGenerator - Generating unique operation named: createWxPayUsingPOST_1
2021-01-21 14:11:10.668 [main] INFO  s.d.s.w.r.operation.CachingOperationNameGenerator - Generating unique operation named: commonlyListUsingGET_1
2021-01-21 14:11:10.671 [main] INFO  s.d.s.w.r.operation.CachingOperationNameGenerator - Generating unique operation named: immediateQueryUsingGET_1
2021-01-21 14:11:10.683 [main] INFO  com.fx.shop.ShopApplication - Started ShopApplication in 9.684 seconds (JVM running for 16.07)
2021-01-21 14:11:21.234 [http-nio-8787-exec-1] INFO  o.a.c.core.ContainerBase.[Tomcat].[localhost].[/] - Initializing Spring DispatcherServlet 'dispatcherServlet'
2021-01-21 14:11:21.235 [http-nio-8787-exec-1] INFO  org.springframework.web.servlet.DispatcherServlet - Initializing Servlet 'dispatcherServlet'
2021-01-21 14:11:21.237 [http-nio-8787-exec-1] INFO  org.springframework.web.servlet.DispatcherServlet - Completed initialization in 2 ms
2021-01-21 14:11:46.173 [SpringContextShutdownHook] INFO  o.s.scheduling.concurrent.ThreadPoolTaskExecutor - Shutting down ExecutorService 'applicationTaskExecutor'
2021-01-21 14:11:46.176 [SpringContextShutdownHook] INFO  com.alibaba.druid.pool.DruidDataSource - {dataSource-0} closing ...
2021-01-21 14:11:56.251 [main] INFO  com.fx.shop.ShopApplication - Starting ShopApplication using Java 1.8.0_152 on AUTOBVT-K8KUTA7 with PID 5472 (F:\myIdeaspace\shop\target\classes started by Administrator in F:\myIdeaspace\shop)
2021-01-21 14:11:56.255 [main] INFO  com.fx.shop.ShopApplication - No active profile set, falling back to default profiles: default
2021-01-21 14:11:56.262 [background-preinit] INFO  org.hibernate.validator.internal.util.Version - HV000001: Hibernate Validator 6.1.6.Final
2021-01-21 14:11:57.556 [main] INFO  o.s.d.r.config.RepositoryConfigurationDelegate - Multiple Spring Data modules found, entering strict repository configuration mode!
2021-01-21 14:11:57.560 [main] INFO  o.s.d.r.config.RepositoryConfigurationDelegate - Bootstrapping Spring Data Redis repositories in DEFAULT mode.
2021-01-21 14:11:57.612 [main] INFO  o.s.d.r.config.RepositoryConfigurationDelegate - Finished Spring Data repository scanning in 31 ms. Found 0 Redis repository interfaces.
2021-01-21 14:11:57.985 [main] INFO  o.s.c.s.PostProcessorRegistrationDelegate$BeanPostProcessorChecker - Bean 'redisConfig' of type [com.fx.shop.config.RedisConfig$$EnhancerBySpringCGLIB$$e0401288] is not eligible for getting processed by all BeanPostProcessors (for example: not eligible for auto-proxying)
2021-01-21 14:11:58.494 [main] INFO  o.s.boot.web.embedded.tomcat.TomcatWebServer - Tomcat initialized with port(s): 8787 (http)
2021-01-21 14:11:58.717 [main] INFO  org.apache.coyote.http11.Http11NioProtocol - Initializing ProtocolHandler ["http-nio-8787"]
2021-01-21 14:11:58.717 [main] INFO  org.apache.catalina.core.StandardService - Starting service [Tomcat]
2021-01-21 14:11:58.718 [main] INFO  org.apache.catalina.core.StandardEngine - Starting Servlet engine: [Apache Tomcat/9.0.39]
2021-01-21 14:11:58.853 [main] INFO  o.a.c.core.ContainerBase.[Tomcat].[localhost].[/] - Initializing Spring embedded WebApplicationContext
2021-01-21 14:11:58.853 [main] INFO  o.s.b.w.s.c.ServletWebServerApplicationContext - Root WebApplicationContext: initialization completed in 2536 ms
2021-01-21 14:12:00.654 [main] INFO  s.d.s.w.WebMvcPropertySourcedRequestMappingHandlerMapping - Mapped URL path [/v2/api-docs] onto method [springfox.documentation.swagger2.web.Swagger2ControllerWebMvc#getDocumentation(String, HttpServletRequest)]
2021-01-21 14:12:00.742 [main] INFO  o.s.scheduling.concurrent.ThreadPoolTaskExecutor - Initializing ExecutorService 'applicationTaskExecutor'
2021-01-21 14:12:01.288 [main] INFO  org.apache.coyote.http11.Http11NioProtocol - Starting ProtocolHandler ["http-nio-8787"]
2021-01-21 14:12:01.309 [main] INFO  o.s.boot.web.embedded.tomcat.TomcatWebServer - Tomcat started on port(s): 8787 (http) with context path ''
2021-01-21 14:12:01.311 [main] INFO  com.fx.shop.ShopApplication - 
---------------------------------------------------------
	Application is running! Access address:
	Profile:	
	Local:		http://localhost:8787
	External:	http://192.168.0.177:8787
	Swagger:	http://192.168.0.177:8787/doc.html
---------------------------------------------------------

2021-01-21 14:12:01.312 [main] INFO  s.d.s.web.plugins.DocumentationPluginsBootstrapper - Documentation plugins bootstrapped
2021-01-21 14:12:01.316 [main] INFO  s.d.s.web.plugins.DocumentationPluginsBootstrapper - Found 2 custom documentation plugin(s)
2021-01-21 14:12:01.348 [main] INFO  s.d.spring.web.scanners.ApiListingReferenceScanner - Scanning for api listing references
2021-01-21 14:12:01.573 [main] INFO  s.d.spring.web.scanners.ApiListingReferenceScanner - Scanning for api listing references
2021-01-21 14:12:01.576 [main] INFO  s.d.s.w.r.operation.CachingOperationNameGenerator - Generating unique operation named: methodUsingPOST_1
2021-01-21 14:12:01.578 [main] INFO  s.d.s.w.r.operation.CachingOperationNameGenerator - Generating unique operation named: method1UsingPOST_1
2021-01-21 14:12:01.598 [main] INFO  s.d.s.w.r.operation.CachingOperationNameGenerator - Generating unique operation named: appointPickUpUsingPOST_1
2021-01-21 14:12:01.602 [main] INFO  s.d.s.w.r.operation.CachingOperationNameGenerator - Generating unique operation named: electronicCancelUsingPOST_1
2021-01-21 14:12:01.617 [main] INFO  s.d.s.w.r.operation.CachingOperationNameGenerator - Generating unique operation named: electronicSheetUsingPOST_1
2021-01-21 14:12:01.626 [main] INFO  s.d.s.w.r.operation.CachingOperationNameGenerator - Generating unique operation named: visitPickUpUsingPOST_1
2021-01-21 14:12:01.633 [main] INFO  s.d.s.w.r.operation.CachingOperationNameGenerator - Generating unique operation named: getOpenIdUsingPOST_1
2021-01-21 14:12:01.641 [main] INFO  s.d.s.w.r.operation.CachingOperationNameGenerator - Generating unique operation named: createWxPayUsingPOST_1
2021-01-21 14:12:01.643 [main] INFO  s.d.s.w.r.operation.CachingOperationNameGenerator - Generating unique operation named: commonlyListUsingGET_1
2021-01-21 14:12:01.646 [main] INFO  s.d.s.w.r.operation.CachingOperationNameGenerator - Generating unique operation named: immediateQueryUsingGET_1
2021-01-21 14:12:01.659 [main] INFO  com.fx.shop.ShopApplication - Started ShopApplication in 6.109 seconds (JVM running for 7.956)
2021-01-21 14:12:06.449 [http-nio-8787-exec-1] INFO  o.a.c.core.ContainerBase.[Tomcat].[localhost].[/] - Initializing Spring DispatcherServlet 'dispatcherServlet'
2021-01-21 14:12:06.450 [http-nio-8787-exec-1] INFO  org.springframework.web.servlet.DispatcherServlet - Initializing Servlet 'dispatcherServlet'
2021-01-21 14:12:06.453 [http-nio-8787-exec-1] INFO  org.springframework.web.servlet.DispatcherServlet - Completed initialization in 3 ms
2021-01-21 14:12:56.632 [SpringContextShutdownHook] INFO  o.s.scheduling.concurrent.ThreadPoolTaskExecutor - Shutting down ExecutorService 'applicationTaskExecutor'
2021-01-21 14:12:56.635 [SpringContextShutdownHook] INFO  com.alibaba.druid.pool.DruidDataSource - {dataSource-0} closing ...
2021-01-21 14:13:02.981 [background-preinit] INFO  org.hibernate.validator.internal.util.Version - HV000001: Hibernate Validator 6.1.6.Final
2021-01-21 14:13:02.989 [main] INFO  com.fx.shop.ShopApplication - Starting ShopApplication using Java 1.8.0_152 on AUTOBVT-K8KUTA7 with PID 3488 (F:\myIdeaspace\shop\target\classes started by Administrator in F:\myIdeaspace\shop)
2021-01-21 14:13:02.991 [main] INFO  com.fx.shop.ShopApplication - No active profile set, falling back to default profiles: default
2021-01-21 14:13:04.156 [main] INFO  o.s.d.r.config.RepositoryConfigurationDelegate - Multiple Spring Data modules found, entering strict repository configuration mode!
2021-01-21 14:13:04.159 [main] INFO  o.s.d.r.config.RepositoryConfigurationDelegate - Bootstrapping Spring Data Redis repositories in DEFAULT mode.
2021-01-21 14:13:04.220 [main] INFO  o.s.d.r.config.RepositoryConfigurationDelegate - Finished Spring Data repository scanning in 34 ms. Found 0 Redis repository interfaces.
2021-01-21 14:13:04.544 [main] INFO  o.s.c.s.PostProcessorRegistrationDelegate$BeanPostProcessorChecker - Bean 'redisConfig' of type [com.fx.shop.config.RedisConfig$$EnhancerBySpringCGLIB$$b4779518] is not eligible for getting processed by all BeanPostProcessors (for example: not eligible for auto-proxying)
2021-01-21 14:13:04.923 [main] INFO  o.s.boot.web.embedded.tomcat.TomcatWebServer - Tomcat initialized with port(s): 8787 (http)
2021-01-21 14:13:05.010 [main] INFO  org.apache.coyote.http11.Http11NioProtocol - Initializing ProtocolHandler ["http-nio-8787"]
2021-01-21 14:13:05.011 [main] INFO  org.apache.catalina.core.StandardService - Starting service [Tomcat]
2021-01-21 14:13:05.011 [main] INFO  org.apache.catalina.core.StandardEngine - Starting Servlet engine: [Apache Tomcat/9.0.39]
2021-01-21 14:13:05.158 [main] INFO  o.a.c.core.ContainerBase.[Tomcat].[localhost].[/] - Initializing Spring embedded WebApplicationContext
2021-01-21 14:13:05.159 [main] INFO  o.s.b.w.s.c.ServletWebServerApplicationContext - Root WebApplicationContext: initialization completed in 2107 ms
2021-01-21 14:13:07.390 [main] INFO  s.d.s.w.WebMvcPropertySourcedRequestMappingHandlerMapping - Mapped URL path [/v2/api-docs] onto method [springfox.documentation.swagger2.web.Swagger2ControllerWebMvc#getDocumentation(String, HttpServletRequest)]
2021-01-21 14:13:07.473 [main] INFO  o.s.scheduling.concurrent.ThreadPoolTaskExecutor - Initializing ExecutorService 'applicationTaskExecutor'
2021-01-21 14:13:08.189 [main] INFO  org.apache.coyote.http11.Http11NioProtocol - Starting ProtocolHandler ["http-nio-8787"]
2021-01-21 14:13:08.214 [main] INFO  o.s.boot.web.embedded.tomcat.TomcatWebServer - Tomcat started on port(s): 8787 (http) with context path ''
2021-01-21 14:13:08.216 [main] INFO  com.fx.shop.ShopApplication - 
---------------------------------------------------------
	Application is running! Access address:
	Profile:	
	Local:		http://localhost:8787
	External:	http://192.168.0.177:8787
	Swagger:	http://192.168.0.177:8787/doc.html
---------------------------------------------------------

2021-01-21 14:13:08.217 [main] INFO  s.d.s.web.plugins.DocumentationPluginsBootstrapper - Documentation plugins bootstrapped
2021-01-21 14:13:08.220 [main] INFO  s.d.s.web.plugins.DocumentationPluginsBootstrapper - Found 2 custom documentation plugin(s)
2021-01-21 14:13:08.252 [main] INFO  s.d.spring.web.scanners.ApiListingReferenceScanner - Scanning for api listing references
2021-01-21 14:13:08.560 [main] INFO  s.d.spring.web.scanners.ApiListingReferenceScanner - Scanning for api listing references
2021-01-21 14:13:08.565 [main] INFO  s.d.s.w.r.operation.CachingOperationNameGenerator - Generating unique operation named: methodUsingPOST_1
2021-01-21 14:13:08.566 [main] INFO  s.d.s.w.r.operation.CachingOperationNameGenerator - Generating unique operation named: method1UsingPOST_1
2021-01-21 14:13:08.590 [main] INFO  s.d.s.w.r.operation.CachingOperationNameGenerator - Generating unique operation named: appointPickUpUsingPOST_1
2021-01-21 14:13:08.595 [main] INFO  s.d.s.w.r.operation.CachingOperationNameGenerator - Generating unique operation named: electronicCancelUsingPOST_1
2021-01-21 14:13:08.611 [main] INFO  s.d.s.w.r.operation.CachingOperationNameGenerator - Generating unique operation named: electronicSheetUsingPOST_1
2021-01-21 14:13:08.623 [main] INFO  s.d.s.w.r.operation.CachingOperationNameGenerator - Generating unique operation named: visitPickUpUsingPOST_1
2021-01-21 14:13:08.631 [main] INFO  s.d.s.w.r.operation.CachingOperationNameGenerator - Generating unique operation named: getOpenIdUsingPOST_1
2021-01-21 14:13:08.638 [main] INFO  s.d.s.w.r.operation.CachingOperationNameGenerator - Generating unique operation named: createWxPayUsingPOST_1
2021-01-21 14:13:08.642 [main] INFO  s.d.s.w.r.operation.CachingOperationNameGenerator - Generating unique operation named: commonlyListUsingGET_1
2021-01-21 14:13:08.646 [main] INFO  s.d.s.w.r.operation.CachingOperationNameGenerator - Generating unique operation named: immediateQueryUsingGET_1
2021-01-21 14:13:08.663 [main] INFO  com.fx.shop.ShopApplication - Started ShopApplication in 6.413 seconds (JVM running for 10.198)
2021-01-21 14:13:30.583 [SpringContextShutdownHook] INFO  o.s.scheduling.concurrent.ThreadPoolTaskExecutor - Shutting down ExecutorService 'applicationTaskExecutor'
2021-01-21 14:13:30.585 [SpringContextShutdownHook] INFO  com.alibaba.druid.pool.DruidDataSource - {dataSource-0} closing ...
2021-01-21 14:13:38.636 [main] INFO  com.fx.shop.ShopApplication - Starting ShopApplication using Java 1.8.0_152 on AUTOBVT-K8KUTA7 with PID 8560 (F:\myIdeaspace\shop\target\classes started by Administrator in F:\myIdeaspace\shop)
2021-01-21 14:13:38.647 [main] INFO  com.fx.shop.ShopApplication - No active profile set, falling back to default profiles: default
2021-01-21 14:13:38.717 [background-preinit] INFO  org.hibernate.validator.internal.util.Version - HV000001: Hibernate Validator 6.1.6.Final
2021-01-21 14:13:39.842 [main] INFO  o.s.d.r.config.RepositoryConfigurationDelegate - Multiple Spring Data modules found, entering strict repository configuration mode!
2021-01-21 14:13:39.845 [main] INFO  o.s.d.r.config.RepositoryConfigurationDelegate - Bootstrapping Spring Data Redis repositories in DEFAULT mode.
2021-01-21 14:13:39.891 [main] INFO  o.s.d.r.config.RepositoryConfigurationDelegate - Finished Spring Data repository scanning in 19 ms. Found 0 Redis repository interfaces.
2021-01-21 14:13:40.206 [main] INFO  o.s.c.s.PostProcessorRegistrationDelegate$BeanPostProcessorChecker - Bean 'redisConfig' of type [com.fx.shop.config.RedisConfig$$EnhancerBySpringCGLIB$$f7e46ae0] is not eligible for getting processed by all BeanPostProcessors (for example: not eligible for auto-proxying)
2021-01-21 14:13:40.633 [main] INFO  o.s.boot.web.embedded.tomcat.TomcatWebServer - Tomcat initialized with port(s): 8787 (http)
2021-01-21 14:13:40.644 [main] INFO  org.apache.coyote.http11.Http11NioProtocol - Initializing ProtocolHandler ["http-nio-8787"]
2021-01-21 14:13:40.645 [main] INFO  org.apache.catalina.core.StandardService - Starting service [Tomcat]
2021-01-21 14:13:40.645 [main] INFO  org.apache.catalina.core.StandardEngine - Starting Servlet engine: [Apache Tomcat/9.0.39]
2021-01-21 14:13:40.764 [main] INFO  o.a.c.core.ContainerBase.[Tomcat].[localhost].[/] - Initializing Spring embedded WebApplicationContext
2021-01-21 14:13:40.764 [main] INFO  o.s.b.w.s.c.ServletWebServerApplicationContext - Root WebApplicationContext: initialization completed in 2028 ms
2021-01-21 14:13:42.439 [main] INFO  s.d.s.w.WebMvcPropertySourcedRequestMappingHandlerMapping - Mapped URL path [/v2/api-docs] onto method [springfox.documentation.swagger2.web.Swagger2ControllerWebMvc#getDocumentation(String, HttpServletRequest)]
2021-01-21 14:13:42.516 [main] INFO  o.s.scheduling.concurrent.ThreadPoolTaskExecutor - Initializing ExecutorService 'applicationTaskExecutor'
2021-01-21 14:13:43.060 [main] INFO  org.apache.coyote.http11.Http11NioProtocol - Starting ProtocolHandler ["http-nio-8787"]
2021-01-21 14:13:43.104 [main] INFO  o.s.boot.web.embedded.tomcat.TomcatWebServer - Tomcat started on port(s): 8787 (http) with context path ''
2021-01-21 14:13:43.109 [main] INFO  com.fx.shop.ShopApplication - 
---------------------------------------------------------
	Application is running! Access address:
	Profile:	
	Local:		http://localhost:8787
	External:	http://192.168.0.177:8787
	Swagger:	http://192.168.0.177:8787/doc.html
---------------------------------------------------------

2021-01-21 14:13:43.109 [main] INFO  s.d.s.web.plugins.DocumentationPluginsBootstrapper - Documentation plugins bootstrapped
2021-01-21 14:13:43.113 [main] INFO  s.d.s.web.plugins.DocumentationPluginsBootstrapper - Found 2 custom documentation plugin(s)
2021-01-21 14:13:43.147 [main] INFO  s.d.spring.web.scanners.ApiListingReferenceScanner - Scanning for api listing references
2021-01-21 14:13:43.372 [main] INFO  s.d.spring.web.scanners.ApiListingReferenceScanner - Scanning for api listing references
2021-01-21 14:13:43.374 [main] INFO  s.d.s.w.r.operation.CachingOperationNameGenerator - Generating unique operation named: methodUsingPOST_1
2021-01-21 14:13:43.375 [main] INFO  s.d.s.w.r.operation.CachingOperationNameGenerator - Generating unique operation named: method1UsingPOST_1
2021-01-21 14:13:43.393 [main] INFO  s.d.s.w.r.operation.CachingOperationNameGenerator - Generating unique operation named: appointPickUpUsingPOST_1
2021-01-21 14:13:43.396 [main] INFO  s.d.s.w.r.operation.CachingOperationNameGenerator - Generating unique operation named: electronicCancelUsingPOST_1
2021-01-21 14:13:43.408 [main] INFO  s.d.s.w.r.operation.CachingOperationNameGenerator - Generating unique operation named: electronicSheetUsingPOST_1
2021-01-21 14:13:43.417 [main] INFO  s.d.s.w.r.operation.CachingOperationNameGenerator - Generating unique operation named: visitPickUpUsingPOST_1
2021-01-21 14:13:43.423 [main] INFO  s.d.s.w.r.operation.CachingOperationNameGenerator - Generating unique operation named: getOpenIdUsingPOST_1
2021-01-21 14:13:43.429 [main] INFO  s.d.s.w.r.operation.CachingOperationNameGenerator - Generating unique operation named: createWxPayUsingPOST_1
2021-01-21 14:13:43.432 [main] INFO  s.d.s.w.r.operation.CachingOperationNameGenerator - Generating unique operation named: commonlyListUsingGET_1
2021-01-21 14:13:43.434 [main] INFO  s.d.s.w.r.operation.CachingOperationNameGenerator - Generating unique operation named: immediateQueryUsingGET_1
2021-01-21 14:13:43.446 [main] INFO  com.fx.shop.ShopApplication - Started ShopApplication in 5.625 seconds (JVM running for 9.315)
2021-01-21 14:13:48.125 [http-nio-8787-exec-1] INFO  o.a.c.core.ContainerBase.[Tomcat].[localhost].[/] - Initializing Spring DispatcherServlet 'dispatcherServlet'
2021-01-21 14:13:48.125 [http-nio-8787-exec-1] INFO  org.springframework.web.servlet.DispatcherServlet - Initializing Servlet 'dispatcherServlet'
2021-01-21 14:13:48.134 [http-nio-8787-exec-1] INFO  org.springframework.web.servlet.DispatcherServlet - Completed initialization in 9 ms
2021-01-21 14:42:53.270 [SpringContextShutdownHook] INFO  o.s.scheduling.concurrent.ThreadPoolTaskExecutor - Shutting down ExecutorService 'applicationTaskExecutor'
2021-01-21 14:42:53.272 [SpringContextShutdownHook] INFO  com.alibaba.druid.pool.DruidDataSource - {dataSource-0} closing ...
2021-01-21 14:43:10.591 [main] INFO  com.fx.shop.ShopApplication - Starting ShopApplication using Java 1.8.0_152 on AUTOBVT-K8KUTA7 with PID 13016 (F:\myIdeaspace\shop\target\classes started by Administrator in F:\myIdeaspace\shop)
2021-01-21 14:43:10.594 [main] INFO  com.fx.shop.ShopApplication - No active profile set, falling back to default profiles: default
2021-01-21 14:43:10.696 [background-preinit] INFO  org.hibernate.validator.internal.util.Version - HV000001: Hibernate Validator 6.1.6.Final
2021-01-21 14:43:13.875 [main] INFO  o.s.d.r.config.RepositoryConfigurationDelegate - Multiple Spring Data modules found, entering strict repository configuration mode!
2021-01-21 14:43:13.878 [main] INFO  o.s.d.r.config.RepositoryConfigurationDelegate - Bootstrapping Spring Data Redis repositories in DEFAULT mode.
2021-01-21 14:43:13.972 [main] INFO  o.s.d.r.config.RepositoryConfigurationDelegate - Finished Spring Data repository scanning in 57 ms. Found 0 Redis repository interfaces.
2021-01-21 14:43:14.820 [main] INFO  o.s.c.s.PostProcessorRegistrationDelegate$BeanPostProcessorChecker - Bean 'redisConfig' of type [com.fx.shop.config.RedisConfig$$EnhancerBySpringCGLIB$$1c19c488] is not eligible for getting processed by all BeanPostProcessors (for example: not eligible for auto-proxying)
2021-01-21 14:43:15.448 [main] INFO  o.s.boot.web.embedded.tomcat.TomcatWebServer - Tomcat initialized with port(s): 8787 (http)
2021-01-21 14:43:15.460 [main] INFO  org.apache.coyote.http11.Http11NioProtocol - Initializing ProtocolHandler ["http-nio-8787"]
2021-01-21 14:43:15.461 [main] INFO  org.apache.catalina.core.StandardService - Starting service [Tomcat]
2021-01-21 14:43:15.462 [main] INFO  org.apache.catalina.core.StandardEngine - Starting Servlet engine: [Apache Tomcat/9.0.39]
2021-01-21 14:43:15.625 [main] INFO  o.a.c.core.ContainerBase.[Tomcat].[localhost].[/] - Initializing Spring embedded WebApplicationContext
2021-01-21 14:43:15.626 [main] INFO  o.s.b.w.s.c.ServletWebServerApplicationContext - Root WebApplicationContext: initialization completed in 4799 ms
2021-01-21 14:43:19.171 [main] INFO  s.d.s.w.WebMvcPropertySourcedRequestMappingHandlerMapping - Mapped URL path [/v2/api-docs] onto method [springfox.documentation.swagger2.web.Swagger2ControllerWebMvc#getDocumentation(String, HttpServletRequest)]
2021-01-21 14:43:19.251 [main] INFO  o.s.scheduling.concurrent.ThreadPoolTaskExecutor - Initializing ExecutorService 'applicationTaskExecutor'
2021-01-21 14:43:19.930 [main] INFO  org.apache.coyote.http11.Http11NioProtocol - Starting ProtocolHandler ["http-nio-8787"]
2021-01-21 14:43:19.960 [main] INFO  o.s.boot.web.embedded.tomcat.TomcatWebServer - Tomcat started on port(s): 8787 (http) with context path ''
2021-01-21 14:43:19.962 [main] INFO  com.fx.shop.ShopApplication - 
---------------------------------------------------------
	Application is running! Access address:
	Profile:	
	Local:		http://localhost:8787
	External:	http://192.168.0.177:8787
	Swagger:	http://192.168.0.177:8787/doc.html
---------------------------------------------------------

2021-01-21 14:43:19.963 [main] INFO  s.d.s.web.plugins.DocumentationPluginsBootstrapper - Documentation plugins bootstrapped
2021-01-21 14:43:19.968 [main] INFO  s.d.s.web.plugins.DocumentationPluginsBootstrapper - Found 2 custom documentation plugin(s)
2021-01-21 14:43:20.016 [main] INFO  s.d.spring.web.scanners.ApiListingReferenceScanner - Scanning for api listing references
2021-01-21 14:43:20.299 [main] INFO  s.d.spring.web.scanners.ApiListingReferenceScanner - Scanning for api listing references
2021-01-21 14:43:20.301 [main] INFO  s.d.s.w.r.operation.CachingOperationNameGenerator - Generating unique operation named: methodUsingPOST_1
2021-01-21 14:43:20.303 [main] INFO  s.d.s.w.r.operation.CachingOperationNameGenerator - Generating unique operation named: method1UsingPOST_1
2021-01-21 14:43:20.324 [main] INFO  s.d.s.w.r.operation.CachingOperationNameGenerator - Generating unique operation named: appointPickUpUsingPOST_1
2021-01-21 14:43:20.329 [main] INFO  s.d.s.w.r.operation.CachingOperationNameGenerator - Generating unique operation named: electronicCancelUsingPOST_1
2021-01-21 14:43:20.343 [main] INFO  s.d.s.w.r.operation.CachingOperationNameGenerator - Generating unique operation named: electronicSheetUsingPOST_1
2021-01-21 14:43:20.352 [main] INFO  s.d.s.w.r.operation.CachingOperationNameGenerator - Generating unique operation named: visitPickUpUsingPOST_1
2021-01-21 14:43:20.360 [main] INFO  s.d.s.w.r.operation.CachingOperationNameGenerator - Generating unique operation named: getOpenIdUsingPOST_1
2021-01-21 14:43:20.370 [main] INFO  s.d.s.w.r.operation.CachingOperationNameGenerator - Generating unique operation named: wxMiniappDecodeUsingPOST_1
2021-01-21 14:43:20.379 [main] INFO  s.d.s.w.r.operation.CachingOperationNameGenerator - Generating unique operation named: createWxPayUsingPOST_1
2021-01-21 14:43:20.382 [main] INFO  s.d.s.w.r.operation.CachingOperationNameGenerator - Generating unique operation named: commonlyListUsingGET_1
2021-01-21 14:43:20.385 [main] INFO  s.d.s.w.r.operation.CachingOperationNameGenerator - Generating unique operation named: immediateQueryUsingGET_1
2021-01-21 14:43:20.401 [main] INFO  com.fx.shop.ShopApplication - Started ShopApplication in 11.178 seconds (JVM running for 13.538)
2021-01-21 14:43:34.135 [http-nio-8787-exec-1] INFO  o.a.c.core.ContainerBase.[Tomcat].[localhost].[/] - Initializing Spring DispatcherServlet 'dispatcherServlet'
2021-01-21 14:43:34.136 [http-nio-8787-exec-1] INFO  org.springframework.web.servlet.DispatcherServlet - Initializing Servlet 'dispatcherServlet'
2021-01-21 14:43:34.142 [http-nio-8787-exec-1] INFO  org.springframework.web.servlet.DispatcherServlet - Completed initialization in 6 ms
2021-01-21 14:45:39.783 [SpringContextShutdownHook] INFO  o.s.scheduling.concurrent.ThreadPoolTaskExecutor - Shutting down ExecutorService 'applicationTaskExecutor'
2021-01-21 14:45:39.786 [SpringContextShutdownHook] INFO  com.alibaba.druid.pool.DruidDataSource - {dataSource-0} closing ...
2021-01-21 14:45:49.841 [main] INFO  com.fx.shop.ShopApplication - Starting ShopApplication using Java 1.8.0_152 on AUTOBVT-K8KUTA7 with PID 14504 (F:\myIdeaspace\shop\target\classes started by Administrator in F:\myIdeaspace\shop)
2021-01-21 14:45:49.839 [background-preinit] INFO  org.hibernate.validator.internal.util.Version - HV000001: Hibernate Validator 6.1.6.Final
2021-01-21 14:45:49.845 [main] INFO  com.fx.shop.ShopApplication - No active profile set, falling back to default profiles: default
2021-01-21 14:45:50.952 [main] INFO  o.s.d.r.config.RepositoryConfigurationDelegate - Multiple Spring Data modules found, entering strict repository configuration mode!
2021-01-21 14:45:50.955 [main] INFO  o.s.d.r.config.RepositoryConfigurationDelegate - Bootstrapping Spring Data Redis repositories in DEFAULT mode.
2021-01-21 14:45:50.990 [main] INFO  o.s.d.r.config.RepositoryConfigurationDelegate - Finished Spring Data repository scanning in 19 ms. Found 0 Redis repository interfaces.
2021-01-21 14:45:51.304 [main] INFO  o.s.c.s.PostProcessorRegistrationDelegate$BeanPostProcessorChecker - Bean 'redisConfig' of type [com.fx.shop.config.RedisConfig$$EnhancerBySpringCGLIB$$db0d4ad9] is not eligible for getting processed by all BeanPostProcessors (for example: not eligible for auto-proxying)
2021-01-21 14:45:51.656 [main] INFO  o.s.boot.web.embedded.tomcat.TomcatWebServer - Tomcat initialized with port(s): 8787 (http)
2021-01-21 14:45:51.668 [main] INFO  org.apache.coyote.http11.Http11NioProtocol - Initializing ProtocolHandler ["http-nio-8787"]
2021-01-21 14:45:51.669 [main] INFO  org.apache.catalina.core.StandardService - Starting service [Tomcat]
2021-01-21 14:45:51.669 [main] INFO  org.apache.catalina.core.StandardEngine - Starting Servlet engine: [Apache Tomcat/9.0.39]
2021-01-21 14:45:51.885 [main] INFO  o.a.c.core.ContainerBase.[Tomcat].[localhost].[/] - Initializing Spring embedded WebApplicationContext
2021-01-21 14:45:51.885 [main] INFO  o.s.b.w.s.c.ServletWebServerApplicationContext - Root WebApplicationContext: initialization completed in 1985 ms
2021-01-21 14:45:53.556 [main] INFO  s.d.s.w.WebMvcPropertySourcedRequestMappingHandlerMapping - Mapped URL path [/v2/api-docs] onto method [springfox.documentation.swagger2.web.Swagger2ControllerWebMvc#getDocumentation(String, HttpServletRequest)]
2021-01-21 14:45:53.630 [main] INFO  o.s.scheduling.concurrent.ThreadPoolTaskExecutor - Initializing ExecutorService 'applicationTaskExecutor'
2021-01-21 14:45:54.147 [main] INFO  org.apache.coyote.http11.Http11NioProtocol - Starting ProtocolHandler ["http-nio-8787"]
2021-01-21 14:45:54.172 [main] INFO  o.s.boot.web.embedded.tomcat.TomcatWebServer - Tomcat started on port(s): 8787 (http) with context path ''
2021-01-21 14:45:54.175 [main] INFO  com.fx.shop.ShopApplication - 
---------------------------------------------------------
	Application is running! Access address:
	Profile:	
	Local:		http://localhost:8787
	External:	http://192.168.0.177:8787
	Swagger:	http://192.168.0.177:8787/doc.html
---------------------------------------------------------

2021-01-21 14:45:54.175 [main] INFO  s.d.s.web.plugins.DocumentationPluginsBootstrapper - Documentation plugins bootstrapped
2021-01-21 14:45:54.179 [main] INFO  s.d.s.web.plugins.DocumentationPluginsBootstrapper - Found 2 custom documentation plugin(s)
2021-01-21 14:45:54.218 [main] INFO  s.d.spring.web.scanners.ApiListingReferenceScanner - Scanning for api listing references
2021-01-21 14:45:54.494 [main] INFO  s.d.spring.web.scanners.ApiListingReferenceScanner - Scanning for api listing references
2021-01-21 14:45:54.496 [main] INFO  s.d.s.w.r.operation.CachingOperationNameGenerator - Generating unique operation named: methodUsingPOST_1
2021-01-21 14:45:54.497 [main] INFO  s.d.s.w.r.operation.CachingOperationNameGenerator - Generating unique operation named: method1UsingPOST_1
2021-01-21 14:45:54.514 [main] INFO  s.d.s.w.r.operation.CachingOperationNameGenerator - Generating unique operation named: appointPickUpUsingPOST_1
2021-01-21 14:45:54.518 [main] INFO  s.d.s.w.r.operation.CachingOperationNameGenerator - Generating unique operation named: electronicCancelUsingPOST_1
2021-01-21 14:45:54.530 [main] INFO  s.d.s.w.r.operation.CachingOperationNameGenerator - Generating unique operation named: electronicSheetUsingPOST_1
2021-01-21 14:45:54.538 [main] INFO  s.d.s.w.r.operation.CachingOperationNameGenerator - Generating unique operation named: visitPickUpUsingPOST_1
2021-01-21 14:45:54.543 [main] INFO  s.d.s.w.r.operation.CachingOperationNameGenerator - Generating unique operation named: getOpenIdUsingPOST_1
2021-01-21 14:45:54.551 [main] INFO  s.d.s.w.r.operation.CachingOperationNameGenerator - Generating unique operation named: wxMiniappDecodeUsingPOST_1
2021-01-21 14:45:54.557 [main] INFO  s.d.s.w.r.operation.CachingOperationNameGenerator - Generating unique operation named: createWxPayUsingPOST_1
2021-01-21 14:45:54.559 [main] INFO  s.d.s.w.r.operation.CachingOperationNameGenerator - Generating unique operation named: commonlyListUsingGET_1
2021-01-21 14:45:54.561 [main] INFO  s.d.s.w.r.operation.CachingOperationNameGenerator - Generating unique operation named: immediateQueryUsingGET_1
2021-01-21 14:45:54.572 [main] INFO  com.fx.shop.ShopApplication - Started ShopApplication in 5.368 seconds (JVM running for 9.294)
2021-01-21 14:45:59.329 [http-nio-8787-exec-1] INFO  o.a.c.core.ContainerBase.[Tomcat].[localhost].[/] - Initializing Spring DispatcherServlet 'dispatcherServlet'
2021-01-21 14:45:59.329 [http-nio-8787-exec-1] INFO  org.springframework.web.servlet.DispatcherServlet - Initializing Servlet 'dispatcherServlet'
2021-01-21 14:45:59.338 [http-nio-8787-exec-1] INFO  org.springframework.web.servlet.DispatcherServlet - Completed initialization in 8 ms
2021-01-21 14:51:08.172 [SpringContextShutdownHook] INFO  o.s.scheduling.concurrent.ThreadPoolTaskExecutor - Shutting down ExecutorService 'applicationTaskExecutor'
2021-01-21 14:51:08.175 [SpringContextShutdownHook] INFO  com.alibaba.druid.pool.DruidDataSource - {dataSource-0} closing ...
2021-01-21 14:51:11.524 [main] INFO  com.fx.shop.ShopApplication - Starting ShopApplication using Java 1.8.0_152 on AUTOBVT-K8KUTA7 with PID 14844 (F:\myIdeaspace\shop\target\classes started by Administrator in F:\myIdeaspace\shop)
2021-01-21 14:51:11.523 [background-preinit] INFO  org.hibernate.validator.internal.util.Version - HV000001: Hibernate Validator 6.1.6.Final
2021-01-21 14:51:11.528 [main] INFO  com.fx.shop.ShopApplication - No active profile set, falling back to default profiles: default
2021-01-21 14:51:13.110 [main] INFO  o.s.d.r.config.RepositoryConfigurationDelegate - Multiple Spring Data modules found, entering strict repository configuration mode!
2021-01-21 14:51:13.113 [main] INFO  o.s.d.r.config.RepositoryConfigurationDelegate - Bootstrapping Spring Data Redis repositories in DEFAULT mode.
2021-01-21 14:51:13.167 [main] INFO  o.s.d.r.config.RepositoryConfigurationDelegate - Finished Spring Data repository scanning in 21 ms. Found 0 Redis repository interfaces.
2021-01-21 14:51:13.495 [main] INFO  o.s.c.s.PostProcessorRegistrationDelegate$BeanPostProcessorChecker - Bean 'redisConfig' of type [com.fx.shop.config.RedisConfig$$EnhancerBySpringCGLIB$$4fe1f207] is not eligible for getting processed by all BeanPostProcessors (for example: not eligible for auto-proxying)
2021-01-21 14:51:13.825 [main] INFO  o.s.boot.web.embedded.tomcat.TomcatWebServer - Tomcat initialized with port(s): 8787 (http)
2021-01-21 14:51:13.902 [main] INFO  org.apache.coyote.http11.Http11NioProtocol - Initializing ProtocolHandler ["http-nio-8787"]
2021-01-21 14:51:13.902 [main] INFO  org.apache.catalina.core.StandardService - Starting service [Tomcat]
2021-01-21 14:51:13.903 [main] INFO  org.apache.catalina.core.StandardEngine - Starting Servlet engine: [Apache Tomcat/9.0.39]
2021-01-21 14:51:14.022 [main] INFO  o.a.c.core.ContainerBase.[Tomcat].[localhost].[/] - Initializing Spring embedded WebApplicationContext
2021-01-21 14:51:14.022 [main] INFO  o.s.b.w.s.c.ServletWebServerApplicationContext - Root WebApplicationContext: initialization completed in 2435 ms
2021-01-21 14:51:15.746 [main] INFO  s.d.s.w.WebMvcPropertySourcedRequestMappingHandlerMapping - Mapped URL path [/v2/api-docs] onto method [springfox.documentation.swagger2.web.Swagger2ControllerWebMvc#getDocumentation(String, HttpServletRequest)]
2021-01-21 14:51:15.831 [main] INFO  o.s.scheduling.concurrent.ThreadPoolTaskExecutor - Initializing ExecutorService 'applicationTaskExecutor'
2021-01-21 14:51:16.355 [main] INFO  org.apache.coyote.http11.Http11NioProtocol - Starting ProtocolHandler ["http-nio-8787"]
2021-01-21 14:51:16.378 [main] INFO  o.s.boot.web.embedded.tomcat.TomcatWebServer - Tomcat started on port(s): 8787 (http) with context path ''
2021-01-21 14:51:16.380 [main] INFO  com.fx.shop.ShopApplication - 
---------------------------------------------------------
	Application is running! Access address:
	Profile:	
	Local:		http://localhost:8787
	External:	http://192.168.0.177:8787
	Swagger:	http://192.168.0.177:8787/doc.html
---------------------------------------------------------

2021-01-21 14:51:16.380 [main] INFO  s.d.s.web.plugins.DocumentationPluginsBootstrapper - Documentation plugins bootstrapped
2021-01-21 14:51:16.384 [main] INFO  s.d.s.web.plugins.DocumentationPluginsBootstrapper - Found 2 custom documentation plugin(s)
2021-01-21 14:51:16.419 [main] INFO  s.d.spring.web.scanners.ApiListingReferenceScanner - Scanning for api listing references
2021-01-21 14:51:16.649 [main] INFO  s.d.spring.web.scanners.ApiListingReferenceScanner - Scanning for api listing references
2021-01-21 14:51:16.652 [main] INFO  s.d.s.w.r.operation.CachingOperationNameGenerator - Generating unique operation named: methodUsingPOST_1
2021-01-21 14:51:16.653 [main] INFO  s.d.s.w.r.operation.CachingOperationNameGenerator - Generating unique operation named: method1UsingPOST_1
2021-01-21 14:51:16.670 [main] INFO  s.d.s.w.r.operation.CachingOperationNameGenerator - Generating unique operation named: appointPickUpUsingPOST_1
2021-01-21 14:51:16.674 [main] INFO  s.d.s.w.r.operation.CachingOperationNameGenerator - Generating unique operation named: electronicCancelUsingPOST_1
2021-01-21 14:51:16.686 [main] INFO  s.d.s.w.r.operation.CachingOperationNameGenerator - Generating unique operation named: electronicSheetUsingPOST_1
2021-01-21 14:51:16.693 [main] INFO  s.d.s.w.r.operation.CachingOperationNameGenerator - Generating unique operation named: visitPickUpUsingPOST_1
2021-01-21 14:51:16.698 [main] INFO  s.d.s.w.r.operation.CachingOperationNameGenerator - Generating unique operation named: getOpenIdUsingPOST_1
2021-01-21 14:51:16.707 [main] INFO  s.d.s.w.r.operation.CachingOperationNameGenerator - Generating unique operation named: wxMiniappDecodeUsingPOST_1
2021-01-21 14:51:16.712 [main] INFO  s.d.s.w.r.operation.CachingOperationNameGenerator - Generating unique operation named: createWxPayUsingPOST_1
2021-01-21 14:51:16.714 [main] INFO  s.d.s.w.r.operation.CachingOperationNameGenerator - Generating unique operation named: commonlyListUsingGET_1
2021-01-21 14:51:16.717 [main] INFO  s.d.s.w.r.operation.CachingOperationNameGenerator - Generating unique operation named: immediateQueryUsingGET_1
2021-01-21 14:51:16.729 [main] INFO  com.fx.shop.ShopApplication - Started ShopApplication in 6.033 seconds (JVM running for 7.431)
2021-01-21 15:12:22.917 [SpringContextShutdownHook] INFO  o.s.scheduling.concurrent.ThreadPoolTaskExecutor - Shutting down ExecutorService 'applicationTaskExecutor'
2021-01-21 15:12:22.920 [SpringContextShutdownHook] INFO  com.alibaba.druid.pool.DruidDataSource - {dataSource-0} closing ...
2021-01-21 15:12:34.150 [background-preinit] INFO  org.hibernate.validator.internal.util.Version - HV000001: Hibernate Validator 6.1.6.Final
2021-01-21 15:12:34.181 [main] INFO  com.fx.shop.ShopApplication - Starting ShopApplication using Java 1.8.0_152 on AUTOBVT-K8KUTA7 with PID 780 (F:\myIdeaspace\shop\target\classes started by Administrator in F:\myIdeaspace\shop)
2021-01-21 15:12:34.182 [main] INFO  com.fx.shop.ShopApplication - No active profile set, falling back to default profiles: default
2021-01-21 15:12:35.791 [main] INFO  o.s.d.r.config.RepositoryConfigurationDelegate - Multiple Spring Data modules found, entering strict repository configuration mode!
2021-01-21 15:12:35.794 [main] INFO  o.s.d.r.config.RepositoryConfigurationDelegate - Bootstrapping Spring Data Redis repositories in DEFAULT mode.
2021-01-21 15:12:35.834 [main] INFO  o.s.d.r.config.RepositoryConfigurationDelegate - Finished Spring Data repository scanning in 21 ms. Found 0 Redis repository interfaces.
2021-01-21 15:12:36.185 [main] INFO  o.s.c.s.PostProcessorRegistrationDelegate$BeanPostProcessorChecker - Bean 'redisConfig' of type [com.fx.shop.config.RedisConfig$$EnhancerBySpringCGLIB$$344a63bd] is not eligible for getting processed by all BeanPostProcessors (for example: not eligible for auto-proxying)
2021-01-21 15:12:36.709 [main] INFO  o.s.boot.web.embedded.tomcat.TomcatWebServer - Tomcat initialized with port(s): 8787 (http)
2021-01-21 15:12:36.724 [main] INFO  org.apache.coyote.http11.Http11NioProtocol - Initializing ProtocolHandler ["http-nio-8787"]
2021-01-21 15:12:36.796 [main] INFO  org.apache.catalina.core.StandardService - Starting service [Tomcat]
2021-01-21 15:12:36.797 [main] INFO  org.apache.catalina.core.StandardEngine - Starting Servlet engine: [Apache Tomcat/9.0.39]
2021-01-21 15:12:36.941 [main] INFO  o.a.c.core.ContainerBase.[Tomcat].[localhost].[/] - Initializing Spring embedded WebApplicationContext
2021-01-21 15:12:36.941 [main] INFO  o.s.b.w.s.c.ServletWebServerApplicationContext - Root WebApplicationContext: initialization completed in 2645 ms
2021-01-21 15:12:38.879 [main] INFO  s.d.s.w.WebMvcPropertySourcedRequestMappingHandlerMapping - Mapped URL path [/v2/api-docs] onto method [springfox.documentation.swagger2.web.Swagger2ControllerWebMvc#getDocumentation(String, HttpServletRequest)]
2021-01-21 15:12:38.965 [main] INFO  o.s.scheduling.concurrent.ThreadPoolTaskExecutor - Initializing ExecutorService 'applicationTaskExecutor'
2021-01-21 15:12:39.487 [main] INFO  org.apache.coyote.http11.Http11NioProtocol - Starting ProtocolHandler ["http-nio-8787"]
2021-01-21 15:12:39.507 [main] INFO  o.s.boot.web.embedded.tomcat.TomcatWebServer - Tomcat started on port(s): 8787 (http) with context path ''
2021-01-21 15:12:39.509 [main] INFO  com.fx.shop.ShopApplication - 
---------------------------------------------------------
	Application is running! Access address:
	Profile:	
	Local:		http://localhost:8787
	External:	http://192.168.0.177:8787
	Swagger:	http://192.168.0.177:8787/doc.html
---------------------------------------------------------

2021-01-21 15:12:39.510 [main] INFO  s.d.s.web.plugins.DocumentationPluginsBootstrapper - Documentation plugins bootstrapped
2021-01-21 15:12:39.513 [main] INFO  s.d.s.web.plugins.DocumentationPluginsBootstrapper - Found 2 custom documentation plugin(s)
2021-01-21 15:12:39.546 [main] INFO  s.d.spring.web.scanners.ApiListingReferenceScanner - Scanning for api listing references
2021-01-21 15:12:39.788 [main] INFO  s.d.spring.web.scanners.ApiListingReferenceScanner - Scanning for api listing references
2021-01-21 15:12:39.793 [main] INFO  s.d.s.w.r.operation.CachingOperationNameGenerator - Generating unique operation named: methodUsingPOST_1
2021-01-21 15:12:39.794 [main] INFO  s.d.s.w.r.operation.CachingOperationNameGenerator - Generating unique operation named: method1UsingPOST_1
2021-01-21 15:12:39.813 [main] INFO  s.d.s.w.r.operation.CachingOperationNameGenerator - Generating unique operation named: appointPickUpUsingPOST_1
2021-01-21 15:12:39.822 [main] INFO  s.d.s.w.r.operation.CachingOperationNameGenerator - Generating unique operation named: electronicCancelUsingPOST_1
2021-01-21 15:12:39.835 [main] INFO  s.d.s.w.r.operation.CachingOperationNameGenerator - Generating unique operation named: electronicSheetUsingPOST_1
2021-01-21 15:12:39.844 [main] INFO  s.d.s.w.r.operation.CachingOperationNameGenerator - Generating unique operation named: visitPickUpUsingPOST_1
2021-01-21 15:12:39.850 [main] INFO  s.d.s.w.r.operation.CachingOperationNameGenerator - Generating unique operation named: getOpenIdUsingPOST_1
2021-01-21 15:12:39.860 [main] INFO  s.d.s.w.r.operation.CachingOperationNameGenerator - Generating unique operation named: wxMiniappDecodeUsingPOST_1
2021-01-21 15:12:39.867 [main] INFO  s.d.s.w.r.operation.CachingOperationNameGenerator - Generating unique operation named: createWxPayUsingPOST_1
2021-01-21 15:12:39.869 [main] INFO  s.d.s.w.r.operation.CachingOperationNameGenerator - Generating unique operation named: commonlyListUsingGET_1
2021-01-21 15:12:39.872 [main] INFO  s.d.s.w.r.operation.CachingOperationNameGenerator - Generating unique operation named: immediateQueryUsingGET_1
2021-01-21 15:12:39.890 [main] INFO  com.fx.shop.ShopApplication - Started ShopApplication in 6.475 seconds (JVM running for 8.754)
