2021-02-02 09:44:06.965 [background-preinit] INFO  org.hibernate.validator.internal.util.Version - HV000001: Hibernate Validator 6.1.6.Final
2021-02-02 09:44:06.975 [main] INFO  com.fx.shop.ShopApplication - Starting ShopApplication using Java 1.8.0_152 on AUTOBVT-K8KUTA7 with PID 2908 (F:\myIdeaspace\shop\target\classes started by Administrator in F:\myIdeaspace\shop)
2021-02-02 09:44:06.978 [main] INFO  com.fx.shop.ShopApplication - No active profile set, falling back to default profiles: default
2021-02-02 09:44:09.153 [main] INFO  o.s.d.r.config.RepositoryConfigurationDelegate - Multiple Spring Data modules found, entering strict repository configuration mode!
2021-02-02 09:44:09.156 [main] INFO  o.s.d.r.config.RepositoryConfigurationDelegate - Bootstrapping Spring Data Redis repositories in DEFAULT mode.
2021-02-02 09:44:09.207 [main] INFO  o.s.d.r.config.RepositoryConfigurationDelegate - Finished Spring Data repository scanning in 32 ms. Found 0 Redis repository interfaces.
2021-02-02 09:44:09.591 [main] INFO  o.s.c.s.PostProcessorRegistrationDelegate$BeanPostProcessorChecker - Bean 'redisConfig' of type [com.fx.shop.config.RedisConfig$$EnhancerBySpringCGLIB$$53c6fbea] is not eligible for getting processed by all BeanPostProcessors (for example: not eligible for auto-proxying)
2021-02-02 09:44:09.990 [main] INFO  o.s.boot.web.embedded.tomcat.TomcatWebServer - Tomcat initialized with port(s): 8787 (http)
2021-02-02 09:44:10.093 [main] INFO  org.apache.coyote.http11.Http11NioProtocol - Initializing ProtocolHandler ["http-nio-8787"]
2021-02-02 09:44:10.094 [main] INFO  org.apache.catalina.core.StandardService - Starting service [Tomcat]
2021-02-02 09:44:10.094 [main] INFO  org.apache.catalina.core.StandardEngine - Starting Servlet engine: [Apache Tomcat/9.0.39]
2021-02-02 09:44:10.225 [main] INFO  o.a.c.core.ContainerBase.[Tomcat].[localhost].[/] - Initializing Spring embedded WebApplicationContext
2021-02-02 09:44:10.226 [main] INFO  o.s.b.w.s.c.ServletWebServerApplicationContext - Root WebApplicationContext: initialization completed in 3118 ms
2021-02-02 09:44:12.031 [main] INFO  s.d.s.w.WebMvcPropertySourcedRequestMappingHandlerMapping - Mapped URL path [/v2/api-docs] onto method [springfox.documentation.swagger2.web.Swagger2ControllerWebMvc#getDocumentation(String, HttpServletRequest)]
2021-02-02 09:44:12.112 [main] INFO  o.s.scheduling.concurrent.ThreadPoolTaskExecutor - Initializing ExecutorService 'applicationTaskExecutor'
2021-02-02 09:44:12.659 [main] INFO  org.apache.coyote.http11.Http11NioProtocol - Starting ProtocolHandler ["http-nio-8787"]
2021-02-02 09:44:12.681 [main] INFO  o.s.boot.web.embedded.tomcat.TomcatWebServer - Tomcat started on port(s): 8787 (http) with context path ''
2021-02-02 09:44:12.683 [main] INFO  com.fx.shop.ShopApplication - 
---------------------------------------------------------
	Application is running! Access address:
	Profile:	
	Local:		http://localhost:8787
	External:	http://192.168.0.177:8787
	Swagger:	http://192.168.0.177:8787/doc.html
---------------------------------------------------------

2021-02-02 09:44:12.684 [main] INFO  s.d.s.web.plugins.DocumentationPluginsBootstrapper - Documentation plugins bootstrapped
2021-02-02 09:44:12.687 [main] INFO  s.d.s.web.plugins.DocumentationPluginsBootstrapper - Found 2 custom documentation plugin(s)
2021-02-02 09:44:12.722 [main] INFO  s.d.spring.web.scanners.ApiListingReferenceScanner - Scanning for api listing references
2021-02-02 09:44:12.886 [main] INFO  s.d.s.w.r.operation.CachingOperationNameGenerator - Generating unique operation named: uploadUsingPOST_1
2021-02-02 09:44:12.945 [main] INFO  s.d.s.w.r.operation.CachingOperationNameGenerator - Generating unique operation named: queryUsingPOST_1
2021-02-02 09:44:12.952 [main] INFO  s.d.s.w.r.operation.CachingOperationNameGenerator - Generating unique operation named: addUsingPOST_1
2021-02-02 09:44:12.959 [main] INFO  s.d.s.w.r.operation.CachingOperationNameGenerator - Generating unique operation named: editUsingPOST_1
2021-02-02 09:44:12.975 [main] INFO  s.d.s.w.r.operation.CachingOperationNameGenerator - Generating unique operation named: queryUsingPOST_2
2021-02-02 09:44:12.979 [main] INFO  s.d.s.w.r.operation.CachingOperationNameGenerator - Generating unique operation named: addUsingPOST_2
2021-02-02 09:44:12.983 [main] INFO  s.d.s.w.r.operation.CachingOperationNameGenerator - Generating unique operation named: editUsingPOST_2
2021-02-02 09:44:13.001 [main] INFO  s.d.s.w.r.operation.CachingOperationNameGenerator - Generating unique operation named: addUsingPOST_3
2021-02-02 09:44:13.014 [main] INFO  s.d.s.w.r.operation.CachingOperationNameGenerator - Generating unique operation named: queryUsingPOST_3
2021-02-02 09:44:13.027 [main] INFO  s.d.spring.web.scanners.ApiListingReferenceScanner - Scanning for api listing references
2021-02-02 09:44:13.030 [main] INFO  s.d.s.w.r.operation.CachingOperationNameGenerator - Generating unique operation named: methodUsingPOST_1
2021-02-02 09:44:13.031 [main] INFO  s.d.s.w.r.operation.CachingOperationNameGenerator - Generating unique operation named: method1UsingPOST_1
2021-02-02 09:44:13.042 [main] INFO  s.d.s.w.r.operation.CachingOperationNameGenerator - Generating unique operation named: uploadUsingPOST_2
2021-02-02 09:44:13.053 [main] INFO  s.d.s.w.r.operation.CachingOperationNameGenerator - Generating unique operation named: queryUsingPOST_4
2021-02-02 09:44:13.059 [main] INFO  s.d.s.w.r.operation.CachingOperationNameGenerator - Generating unique operation named: addUsingPOST_4
2021-02-02 09:44:13.062 [main] INFO  s.d.s.w.r.operation.CachingOperationNameGenerator - Generating unique operation named: editUsingPOST_3
2021-02-02 09:44:13.064 [main] INFO  s.d.s.w.r.operation.CachingOperationNameGenerator - Generating unique operation named: uploadUsingPOST_3
2021-02-02 09:44:13.069 [main] INFO  s.d.s.w.r.operation.CachingOperationNameGenerator - Generating unique operation named: getOpenIdUsingPOST_1
2021-02-02 09:44:13.078 [main] INFO  s.d.s.w.r.operation.CachingOperationNameGenerator - Generating unique operation named: wxMiniappDecodeUsingPOST_1
2021-02-02 09:44:13.083 [main] INFO  s.d.s.w.r.operation.CachingOperationNameGenerator - Generating unique operation named: createWxPayUsingPOST_1
2021-02-02 09:44:13.086 [main] INFO  s.d.s.w.r.operation.CachingOperationNameGenerator - Generating unique operation named: wxRefundUsingPOST_1
2021-02-02 09:44:13.102 [main] INFO  s.d.s.w.r.operation.CachingOperationNameGenerator - Generating unique operation named: queryUsingPOST_5
2021-02-02 09:44:13.107 [main] INFO  s.d.s.w.r.operation.CachingOperationNameGenerator - Generating unique operation named: addUsingPOST_5
2021-02-02 09:44:13.113 [main] INFO  s.d.s.w.r.operation.CachingOperationNameGenerator - Generating unique operation named: editUsingPOST_4
2021-02-02 09:44:13.124 [main] INFO  s.d.s.w.r.operation.CachingOperationNameGenerator - Generating unique operation named: queryUsingPOST_6
2021-02-02 09:44:13.128 [main] INFO  s.d.s.w.r.operation.CachingOperationNameGenerator - Generating unique operation named: addUsingPOST_6
2021-02-02 09:44:13.131 [main] INFO  s.d.s.w.r.operation.CachingOperationNameGenerator - Generating unique operation named: editUsingPOST_5
2021-02-02 09:44:13.136 [main] INFO  s.d.s.w.r.operation.CachingOperationNameGenerator - Generating unique operation named: commonlyListUsingGET_1
2021-02-02 09:44:13.139 [main] INFO  s.d.s.w.r.operation.CachingOperationNameGenerator - Generating unique operation named: immediateQueryUsingGET_1
2021-02-02 09:44:13.143 [main] INFO  s.d.s.w.r.operation.CachingOperationNameGenerator - Generating unique operation named: addUsingPOST_7
2021-02-02 09:44:13.148 [main] INFO  s.d.s.w.r.operation.CachingOperationNameGenerator - Generating unique operation named: delUsingPOST_1
2021-02-02 09:44:13.155 [main] INFO  s.d.s.w.r.operation.CachingOperationNameGenerator - Generating unique operation named: queryUsingPOST_7
2021-02-02 09:44:13.178 [main] INFO  com.fx.shop.ShopApplication - Started ShopApplication in 7.146 seconds (JVM running for 8.724)
2021-02-02 09:44:26.269 [http-nio-8787-exec-1] INFO  o.a.c.core.ContainerBase.[Tomcat].[localhost].[/] - Initializing Spring DispatcherServlet 'dispatcherServlet'
2021-02-02 09:44:26.269 [http-nio-8787-exec-1] INFO  org.springframework.web.servlet.DispatcherServlet - Initializing Servlet 'dispatcherServlet'
2021-02-02 09:44:26.271 [http-nio-8787-exec-1] INFO  org.springframework.web.servlet.DispatcherServlet - Completed initialization in 2 ms
2021-02-02 09:45:48.484 [SpringContextShutdownHook] INFO  o.s.scheduling.concurrent.ThreadPoolTaskExecutor - Shutting down ExecutorService 'applicationTaskExecutor'
2021-02-02 09:45:48.487 [SpringContextShutdownHook] INFO  com.alibaba.druid.pool.DruidDataSource - {dataSource-0} closing ...
2021-02-02 09:45:59.873 [main] INFO  com.fx.shop.ShopApplication - Starting ShopApplication using Java 1.8.0_152 on AUTOBVT-K8KUTA7 with PID 1772 (F:\myIdeaspace\shop\target\classes started by Administrator in F:\myIdeaspace\shop)
2021-02-02 09:45:59.878 [main] INFO  com.fx.shop.ShopApplication - No active profile set, falling back to default profiles: default
2021-02-02 09:45:59.909 [background-preinit] INFO  org.hibernate.validator.internal.util.Version - HV000001: Hibernate Validator 6.1.6.Final
2021-02-02 09:46:01.531 [main] INFO  o.s.d.r.config.RepositoryConfigurationDelegate - Multiple Spring Data modules found, entering strict repository configuration mode!
2021-02-02 09:46:01.534 [main] INFO  o.s.d.r.config.RepositoryConfigurationDelegate - Bootstrapping Spring Data Redis repositories in DEFAULT mode.
2021-02-02 09:46:01.590 [main] INFO  o.s.d.r.config.RepositoryConfigurationDelegate - Finished Spring Data repository scanning in 25 ms. Found 0 Redis repository interfaces.
2021-02-02 09:46:01.906 [main] INFO  o.s.c.s.PostProcessorRegistrationDelegate$BeanPostProcessorChecker - Bean 'redisConfig' of type [com.fx.shop.config.RedisConfig$$EnhancerBySpringCGLIB$$440d56ae] is not eligible for getting processed by all BeanPostProcessors (for example: not eligible for auto-proxying)
2021-02-02 09:46:02.239 [main] INFO  o.s.boot.web.embedded.tomcat.TomcatWebServer - Tomcat initialized with port(s): 8787 (http)
2021-02-02 09:46:02.318 [main] INFO  org.apache.coyote.http11.Http11NioProtocol - Initializing ProtocolHandler ["http-nio-8787"]
2021-02-02 09:46:02.319 [main] INFO  org.apache.catalina.core.StandardService - Starting service [Tomcat]
2021-02-02 09:46:02.319 [main] INFO  org.apache.catalina.core.StandardEngine - Starting Servlet engine: [Apache Tomcat/9.0.39]
2021-02-02 09:46:02.448 [main] INFO  o.a.c.core.ContainerBase.[Tomcat].[localhost].[/] - Initializing Spring embedded WebApplicationContext
2021-02-02 09:46:02.449 [main] INFO  o.s.b.w.s.c.ServletWebServerApplicationContext - Root WebApplicationContext: initialization completed in 2465 ms
2021-02-02 09:46:04.329 [main] INFO  s.d.s.w.WebMvcPropertySourcedRequestMappingHandlerMapping - Mapped URL path [/v2/api-docs] onto method [springfox.documentation.swagger2.web.Swagger2ControllerWebMvc#getDocumentation(String, HttpServletRequest)]
2021-02-02 09:46:04.410 [main] INFO  o.s.scheduling.concurrent.ThreadPoolTaskExecutor - Initializing ExecutorService 'applicationTaskExecutor'
2021-02-02 09:46:04.937 [main] INFO  org.apache.coyote.http11.Http11NioProtocol - Starting ProtocolHandler ["http-nio-8787"]
2021-02-02 09:46:04.965 [main] INFO  o.s.boot.web.embedded.tomcat.TomcatWebServer - Tomcat started on port(s): 8787 (http) with context path ''
2021-02-02 09:46:04.968 [main] INFO  com.fx.shop.ShopApplication - 
---------------------------------------------------------
	Application is running! Access address:
	Profile:	
	Local:		http://localhost:8787
	External:	http://192.168.0.177:8787
	Swagger:	http://192.168.0.177:8787/doc.html
---------------------------------------------------------

2021-02-02 09:46:04.968 [main] INFO  s.d.s.web.plugins.DocumentationPluginsBootstrapper - Documentation plugins bootstrapped
2021-02-02 09:46:04.972 [main] INFO  s.d.s.web.plugins.DocumentationPluginsBootstrapper - Found 2 custom documentation plugin(s)
2021-02-02 09:46:05.011 [main] INFO  s.d.spring.web.scanners.ApiListingReferenceScanner - Scanning for api listing references
2021-02-02 09:46:05.187 [main] INFO  s.d.s.w.r.operation.CachingOperationNameGenerator - Generating unique operation named: uploadUsingPOST_1
2021-02-02 09:46:05.247 [main] INFO  s.d.s.w.r.operation.CachingOperationNameGenerator - Generating unique operation named: queryUsingPOST_1
2021-02-02 09:46:05.254 [main] INFO  s.d.s.w.r.operation.CachingOperationNameGenerator - Generating unique operation named: addUsingPOST_1
2021-02-02 09:46:05.261 [main] INFO  s.d.s.w.r.operation.CachingOperationNameGenerator - Generating unique operation named: editUsingPOST_1
2021-02-02 09:46:05.277 [main] INFO  s.d.s.w.r.operation.CachingOperationNameGenerator - Generating unique operation named: queryUsingPOST_2
2021-02-02 09:46:05.281 [main] INFO  s.d.s.w.r.operation.CachingOperationNameGenerator - Generating unique operation named: addUsingPOST_2
2021-02-02 09:46:05.285 [main] INFO  s.d.s.w.r.operation.CachingOperationNameGenerator - Generating unique operation named: editUsingPOST_2
2021-02-02 09:46:05.302 [main] INFO  s.d.s.w.r.operation.CachingOperationNameGenerator - Generating unique operation named: addUsingPOST_3
2021-02-02 09:46:05.315 [main] INFO  s.d.s.w.r.operation.CachingOperationNameGenerator - Generating unique operation named: queryUsingPOST_3
2021-02-02 09:46:05.328 [main] INFO  s.d.spring.web.scanners.ApiListingReferenceScanner - Scanning for api listing references
2021-02-02 09:46:05.331 [main] INFO  s.d.s.w.r.operation.CachingOperationNameGenerator - Generating unique operation named: methodUsingPOST_1
2021-02-02 09:46:05.333 [main] INFO  s.d.s.w.r.operation.CachingOperationNameGenerator - Generating unique operation named: method1UsingPOST_1
2021-02-02 09:46:05.344 [main] INFO  s.d.s.w.r.operation.CachingOperationNameGenerator - Generating unique operation named: uploadUsingPOST_2
2021-02-02 09:46:05.355 [main] INFO  s.d.s.w.r.operation.CachingOperationNameGenerator - Generating unique operation named: queryUsingPOST_4
2021-02-02 09:46:05.361 [main] INFO  s.d.s.w.r.operation.CachingOperationNameGenerator - Generating unique operation named: addUsingPOST_4
2021-02-02 09:46:05.365 [main] INFO  s.d.s.w.r.operation.CachingOperationNameGenerator - Generating unique operation named: editUsingPOST_3
2021-02-02 09:46:05.367 [main] INFO  s.d.s.w.r.operation.CachingOperationNameGenerator - Generating unique operation named: uploadUsingPOST_3
2021-02-02 09:46:05.372 [main] INFO  s.d.s.w.r.operation.CachingOperationNameGenerator - Generating unique operation named: getOpenIdUsingPOST_1
2021-02-02 09:46:05.380 [main] INFO  s.d.s.w.r.operation.CachingOperationNameGenerator - Generating unique operation named: wxMiniappDecodeUsingPOST_1
2021-02-02 09:46:05.386 [main] INFO  s.d.s.w.r.operation.CachingOperationNameGenerator - Generating unique operation named: createWxPayUsingPOST_1
2021-02-02 09:46:05.389 [main] INFO  s.d.s.w.r.operation.CachingOperationNameGenerator - Generating unique operation named: wxRefundUsingPOST_1
2021-02-02 09:46:05.403 [main] INFO  s.d.s.w.r.operation.CachingOperationNameGenerator - Generating unique operation named: queryUsingPOST_5
2021-02-02 09:46:05.407 [main] INFO  s.d.s.w.r.operation.CachingOperationNameGenerator - Generating unique operation named: addUsingPOST_5
2021-02-02 09:46:05.414 [main] INFO  s.d.s.w.r.operation.CachingOperationNameGenerator - Generating unique operation named: editUsingPOST_4
2021-02-02 09:46:05.425 [main] INFO  s.d.s.w.r.operation.CachingOperationNameGenerator - Generating unique operation named: queryUsingPOST_6
2021-02-02 09:46:05.429 [main] INFO  s.d.s.w.r.operation.CachingOperationNameGenerator - Generating unique operation named: addUsingPOST_6
2021-02-02 09:46:05.433 [main] INFO  s.d.s.w.r.operation.CachingOperationNameGenerator - Generating unique operation named: editUsingPOST_5
2021-02-02 09:46:05.436 [main] INFO  s.d.s.w.r.operation.CachingOperationNameGenerator - Generating unique operation named: commonlyListUsingGET_1
2021-02-02 09:46:05.440 [main] INFO  s.d.s.w.r.operation.CachingOperationNameGenerator - Generating unique operation named: immediateQueryUsingGET_1
2021-02-02 09:46:05.443 [main] INFO  s.d.s.w.r.operation.CachingOperationNameGenerator - Generating unique operation named: addUsingPOST_7
2021-02-02 09:46:05.447 [main] INFO  s.d.s.w.r.operation.CachingOperationNameGenerator - Generating unique operation named: delUsingPOST_1
2021-02-02 09:46:05.453 [main] INFO  s.d.s.w.r.operation.CachingOperationNameGenerator - Generating unique operation named: queryUsingPOST_7
2021-02-02 09:46:05.467 [main] INFO  com.fx.shop.ShopApplication - Started ShopApplication in 6.488 seconds (JVM running for 9.362)
2021-02-02 09:46:13.028 [http-nio-8787-exec-1] INFO  o.a.c.core.ContainerBase.[Tomcat].[localhost].[/] - Initializing Spring DispatcherServlet 'dispatcherServlet'
2021-02-02 09:46:13.029 [http-nio-8787-exec-1] INFO  org.springframework.web.servlet.DispatcherServlet - Initializing Servlet 'dispatcherServlet'
2021-02-02 09:46:13.032 [http-nio-8787-exec-1] INFO  org.springframework.web.servlet.DispatcherServlet - Completed initialization in 3 ms
2021-02-02 09:48:40.055 [http-nio-8787-exec-9] INFO  com.alibaba.druid.pool.DruidDataSource - {dataSource-1} inited
2021-02-02 09:49:41.821 [background-preinit] INFO  org.hibernate.validator.internal.util.Version - HV000001: Hibernate Validator 6.1.6.Final
2021-02-02 09:49:41.919 [main] INFO  com.fx.shop.ShopApplication - Starting ShopApplication using Java 1.8.0_152 on AUTOBVT-K8KUTA7 with PID 12192 (F:\myIdeaspace\shop\target\classes started by Administrator in F:\myIdeaspace\shop)
2021-02-02 09:49:41.920 [main] INFO  com.fx.shop.ShopApplication - No active profile set, falling back to default profiles: default
2021-02-02 09:49:44.136 [main] INFO  o.s.d.r.config.RepositoryConfigurationDelegate - Multiple Spring Data modules found, entering strict repository configuration mode!
2021-02-02 09:49:44.139 [main] INFO  o.s.d.r.config.RepositoryConfigurationDelegate - Bootstrapping Spring Data Redis repositories in DEFAULT mode.
2021-02-02 09:49:44.187 [main] INFO  o.s.d.r.config.RepositoryConfigurationDelegate - Finished Spring Data repository scanning in 28 ms. Found 0 Redis repository interfaces.
2021-02-02 09:49:45.044 [main] INFO  o.s.c.s.PostProcessorRegistrationDelegate$BeanPostProcessorChecker - Bean 'redisConfig' of type [com.fx.shop.config.RedisConfig$$EnhancerBySpringCGLIB$$5de7124a] is not eligible for getting processed by all BeanPostProcessors (for example: not eligible for auto-proxying)
2021-02-02 09:49:45.544 [main] INFO  o.s.boot.web.embedded.tomcat.TomcatWebServer - Tomcat initialized with port(s): 8787 (http)
2021-02-02 09:49:45.670 [main] INFO  org.apache.coyote.http11.Http11NioProtocol - Initializing ProtocolHandler ["http-nio-8787"]
2021-02-02 09:49:45.671 [main] INFO  org.apache.catalina.core.StandardService - Starting service [Tomcat]
2021-02-02 09:49:45.671 [main] INFO  org.apache.catalina.core.StandardEngine - Starting Servlet engine: [Apache Tomcat/9.0.39]
2021-02-02 09:49:45.833 [main] INFO  o.a.c.core.ContainerBase.[Tomcat].[localhost].[/] - Initializing Spring embedded WebApplicationContext
2021-02-02 09:49:45.835 [main] INFO  o.s.b.w.s.c.ServletWebServerApplicationContext - Root WebApplicationContext: initialization completed in 3621 ms
2021-02-02 09:49:48.288 [main] INFO  s.d.s.w.WebMvcPropertySourcedRequestMappingHandlerMapping - Mapped URL path [/v2/api-docs] onto method [springfox.documentation.swagger2.web.Swagger2ControllerWebMvc#getDocumentation(String, HttpServletRequest)]
2021-02-02 09:49:48.375 [main] INFO  o.s.scheduling.concurrent.ThreadPoolTaskExecutor - Initializing ExecutorService 'applicationTaskExecutor'
2021-02-02 09:49:48.971 [main] INFO  org.apache.coyote.http11.Http11NioProtocol - Starting ProtocolHandler ["http-nio-8787"]
2021-02-02 09:49:48.992 [main] INFO  o.s.boot.web.embedded.tomcat.TomcatWebServer - Tomcat started on port(s): 8787 (http) with context path ''
2021-02-02 09:49:48.994 [main] INFO  com.fx.shop.ShopApplication - 
---------------------------------------------------------
	Application is running! Access address:
	Profile:	
	Local:		http://localhost:8787
	External:	http://192.168.0.177:8787
	Swagger:	http://192.168.0.177:8787/doc.html
---------------------------------------------------------

2021-02-02 09:49:48.995 [main] INFO  s.d.s.web.plugins.DocumentationPluginsBootstrapper - Documentation plugins bootstrapped
2021-02-02 09:49:48.998 [main] INFO  s.d.s.web.plugins.DocumentationPluginsBootstrapper - Found 2 custom documentation plugin(s)
2021-02-02 09:49:49.033 [main] INFO  s.d.spring.web.scanners.ApiListingReferenceScanner - Scanning for api listing references
2021-02-02 09:49:49.206 [main] INFO  s.d.s.w.r.operation.CachingOperationNameGenerator - Generating unique operation named: uploadUsingPOST_1
2021-02-02 09:49:49.259 [main] INFO  s.d.s.w.r.operation.CachingOperationNameGenerator - Generating unique operation named: queryUsingPOST_1
2021-02-02 09:49:49.266 [main] INFO  s.d.s.w.r.operation.CachingOperationNameGenerator - Generating unique operation named: addUsingPOST_1
2021-02-02 09:49:49.273 [main] INFO  s.d.s.w.r.operation.CachingOperationNameGenerator - Generating unique operation named: editUsingPOST_1
2021-02-02 09:49:49.288 [main] INFO  s.d.s.w.r.operation.CachingOperationNameGenerator - Generating unique operation named: queryUsingPOST_2
2021-02-02 09:49:49.293 [main] INFO  s.d.s.w.r.operation.CachingOperationNameGenerator - Generating unique operation named: addUsingPOST_2
2021-02-02 09:49:49.298 [main] INFO  s.d.s.w.r.operation.CachingOperationNameGenerator - Generating unique operation named: editUsingPOST_2
2021-02-02 09:49:49.314 [main] INFO  s.d.s.w.r.operation.CachingOperationNameGenerator - Generating unique operation named: addUsingPOST_3
2021-02-02 09:49:49.327 [main] INFO  s.d.s.w.r.operation.CachingOperationNameGenerator - Generating unique operation named: queryUsingPOST_3
2021-02-02 09:49:49.340 [main] INFO  s.d.spring.web.scanners.ApiListingReferenceScanner - Scanning for api listing references
2021-02-02 09:49:49.343 [main] INFO  s.d.s.w.r.operation.CachingOperationNameGenerator - Generating unique operation named: methodUsingPOST_1
2021-02-02 09:49:49.344 [main] INFO  s.d.s.w.r.operation.CachingOperationNameGenerator - Generating unique operation named: method1UsingPOST_1
2021-02-02 09:49:49.355 [main] INFO  s.d.s.w.r.operation.CachingOperationNameGenerator - Generating unique operation named: uploadUsingPOST_2
2021-02-02 09:49:49.368 [main] INFO  s.d.s.w.r.operation.CachingOperationNameGenerator - Generating unique operation named: queryUsingPOST_4
2021-02-02 09:49:49.374 [main] INFO  s.d.s.w.r.operation.CachingOperationNameGenerator - Generating unique operation named: addUsingPOST_4
2021-02-02 09:49:49.378 [main] INFO  s.d.s.w.r.operation.CachingOperationNameGenerator - Generating unique operation named: editUsingPOST_3
2021-02-02 09:49:49.381 [main] INFO  s.d.s.w.r.operation.CachingOperationNameGenerator - Generating unique operation named: uploadUsingPOST_3
2021-02-02 09:49:49.387 [main] INFO  s.d.s.w.r.operation.CachingOperationNameGenerator - Generating unique operation named: getOpenIdUsingPOST_1
2021-02-02 09:49:49.395 [main] INFO  s.d.s.w.r.operation.CachingOperationNameGenerator - Generating unique operation named: wxMiniappDecodeUsingPOST_1
2021-02-02 09:49:49.400 [main] INFO  s.d.s.w.r.operation.CachingOperationNameGenerator - Generating unique operation named: createWxPayUsingPOST_1
2021-02-02 09:49:49.403 [main] INFO  s.d.s.w.r.operation.CachingOperationNameGenerator - Generating unique operation named: wxRefundUsingPOST_1
2021-02-02 09:49:49.416 [main] INFO  s.d.s.w.r.operation.CachingOperationNameGenerator - Generating unique operation named: queryUsingPOST_5
2021-02-02 09:49:49.421 [main] INFO  s.d.s.w.r.operation.CachingOperationNameGenerator - Generating unique operation named: addUsingPOST_5
2021-02-02 09:49:49.428 [main] INFO  s.d.s.w.r.operation.CachingOperationNameGenerator - Generating unique operation named: editUsingPOST_4
2021-02-02 09:49:49.438 [main] INFO  s.d.s.w.r.operation.CachingOperationNameGenerator - Generating unique operation named: queryUsingPOST_6
2021-02-02 09:49:49.442 [main] INFO  s.d.s.w.r.operation.CachingOperationNameGenerator - Generating unique operation named: addUsingPOST_6
2021-02-02 09:49:49.446 [main] INFO  s.d.s.w.r.operation.CachingOperationNameGenerator - Generating unique operation named: editUsingPOST_5
2021-02-02 09:49:49.454 [main] INFO  s.d.s.w.r.operation.CachingOperationNameGenerator - Generating unique operation named: commonlyListUsingGET_1
2021-02-02 09:49:49.457 [main] INFO  s.d.s.w.r.operation.CachingOperationNameGenerator - Generating unique operation named: immediateQueryUsingGET_1
2021-02-02 09:49:49.460 [main] INFO  s.d.s.w.r.operation.CachingOperationNameGenerator - Generating unique operation named: addUsingPOST_7
2021-02-02 09:49:49.463 [main] INFO  s.d.s.w.r.operation.CachingOperationNameGenerator - Generating unique operation named: delUsingPOST_1
2021-02-02 09:49:49.469 [main] INFO  s.d.s.w.r.operation.CachingOperationNameGenerator - Generating unique operation named: queryUsingPOST_7
2021-02-02 09:49:49.482 [main] INFO  com.fx.shop.ShopApplication - Started ShopApplication in 8.853 seconds (JVM running for 12.577)
2021-02-02 09:53:05.606 [SpringContextShutdownHook] INFO  o.s.scheduling.concurrent.ThreadPoolTaskExecutor - Shutting down ExecutorService 'applicationTaskExecutor'
2021-02-02 09:53:05.614 [SpringContextShutdownHook] INFO  com.alibaba.druid.pool.DruidDataSource - {dataSource-0} closing ...
2021-02-02 09:53:14.278 [main] INFO  com.fx.shop.ShopApplication - Starting ShopApplication using Java 1.8.0_152 on AUTOBVT-K8KUTA7 with PID 10828 (F:\myIdeaspace\shop\target\classes started by Administrator in F:\myIdeaspace\shop)
2021-02-02 09:53:14.282 [main] INFO  com.fx.shop.ShopApplication - No active profile set, falling back to default profiles: default
2021-02-02 09:53:14.355 [background-preinit] INFO  org.hibernate.validator.internal.util.Version - HV000001: Hibernate Validator 6.1.6.Final
2021-02-02 09:53:15.505 [main] INFO  o.s.d.r.config.RepositoryConfigurationDelegate - Multiple Spring Data modules found, entering strict repository configuration mode!
2021-02-02 09:53:15.511 [main] INFO  o.s.d.r.config.RepositoryConfigurationDelegate - Bootstrapping Spring Data Redis repositories in DEFAULT mode.
2021-02-02 09:53:15.551 [main] INFO  o.s.d.r.config.RepositoryConfigurationDelegate - Finished Spring Data repository scanning in 23 ms. Found 0 Redis repository interfaces.
2021-02-02 09:53:15.864 [main] INFO  o.s.c.s.PostProcessorRegistrationDelegate$BeanPostProcessorChecker - Bean 'redisConfig' of type [com.fx.shop.config.RedisConfig$$EnhancerBySpringCGLIB$$27fa70d1] is not eligible for getting processed by all BeanPostProcessors (for example: not eligible for auto-proxying)
2021-02-02 09:53:16.194 [main] INFO  o.s.boot.web.embedded.tomcat.TomcatWebServer - Tomcat initialized with port(s): 8787 (http)
2021-02-02 09:53:16.282 [main] INFO  org.apache.coyote.http11.Http11NioProtocol - Initializing ProtocolHandler ["http-nio-8787"]
2021-02-02 09:53:16.283 [main] INFO  org.apache.catalina.core.StandardService - Starting service [Tomcat]
2021-02-02 09:53:16.284 [main] INFO  org.apache.catalina.core.StandardEngine - Starting Servlet engine: [Apache Tomcat/9.0.39]
2021-02-02 09:53:16.419 [main] INFO  o.a.c.core.ContainerBase.[Tomcat].[localhost].[/] - Initializing Spring embedded WebApplicationContext
2021-02-02 09:53:16.419 [main] INFO  o.s.b.w.s.c.ServletWebServerApplicationContext - Root WebApplicationContext: initialization completed in 2053 ms
2021-02-02 09:53:18.292 [main] INFO  s.d.s.w.WebMvcPropertySourcedRequestMappingHandlerMapping - Mapped URL path [/v2/api-docs] onto method [springfox.documentation.swagger2.web.Swagger2ControllerWebMvc#getDocumentation(String, HttpServletRequest)]
2021-02-02 09:53:18.367 [main] INFO  o.s.scheduling.concurrent.ThreadPoolTaskExecutor - Initializing ExecutorService 'applicationTaskExecutor'
2021-02-02 09:53:18.868 [main] INFO  org.apache.coyote.http11.Http11NioProtocol - Starting ProtocolHandler ["http-nio-8787"]
2021-02-02 09:53:18.889 [main] INFO  o.s.boot.web.embedded.tomcat.TomcatWebServer - Tomcat started on port(s): 8787 (http) with context path ''
2021-02-02 09:53:18.891 [main] INFO  com.fx.shop.ShopApplication - 
---------------------------------------------------------
	Application is running! Access address:
	Profile:	
	Local:		http://localhost:8787
	External:	http://192.168.0.177:8787
	Swagger:	http://192.168.0.177:8787/doc.html
---------------------------------------------------------

2021-02-02 09:53:18.891 [main] INFO  s.d.s.web.plugins.DocumentationPluginsBootstrapper - Documentation plugins bootstrapped
2021-02-02 09:53:18.895 [main] INFO  s.d.s.web.plugins.DocumentationPluginsBootstrapper - Found 2 custom documentation plugin(s)
2021-02-02 09:53:18.929 [main] INFO  s.d.spring.web.scanners.ApiListingReferenceScanner - Scanning for api listing references
2021-02-02 09:53:19.094 [main] INFO  s.d.s.w.r.operation.CachingOperationNameGenerator - Generating unique operation named: uploadUsingPOST_1
2021-02-02 09:53:19.144 [main] INFO  s.d.s.w.r.operation.CachingOperationNameGenerator - Generating unique operation named: queryUsingPOST_1
2021-02-02 09:53:19.150 [main] INFO  s.d.s.w.r.operation.CachingOperationNameGenerator - Generating unique operation named: addUsingPOST_1
2021-02-02 09:53:19.156 [main] INFO  s.d.s.w.r.operation.CachingOperationNameGenerator - Generating unique operation named: editUsingPOST_1
2021-02-02 09:53:19.171 [main] INFO  s.d.s.w.r.operation.CachingOperationNameGenerator - Generating unique operation named: queryUsingPOST_2
2021-02-02 09:53:19.175 [main] INFO  s.d.s.w.r.operation.CachingOperationNameGenerator - Generating unique operation named: addUsingPOST_2
2021-02-02 09:53:19.179 [main] INFO  s.d.s.w.r.operation.CachingOperationNameGenerator - Generating unique operation named: editUsingPOST_2
2021-02-02 09:53:19.194 [main] INFO  s.d.s.w.r.operation.CachingOperationNameGenerator - Generating unique operation named: addUsingPOST_3
2021-02-02 09:53:19.207 [main] INFO  s.d.s.w.r.operation.CachingOperationNameGenerator - Generating unique operation named: queryUsingPOST_3
2021-02-02 09:53:19.219 [main] INFO  s.d.spring.web.scanners.ApiListingReferenceScanner - Scanning for api listing references
2021-02-02 09:53:19.222 [main] INFO  s.d.s.w.r.operation.CachingOperationNameGenerator - Generating unique operation named: methodUsingPOST_1
2021-02-02 09:53:19.223 [main] INFO  s.d.s.w.r.operation.CachingOperationNameGenerator - Generating unique operation named: method1UsingPOST_1
2021-02-02 09:53:19.234 [main] INFO  s.d.s.w.r.operation.CachingOperationNameGenerator - Generating unique operation named: uploadUsingPOST_2
2021-02-02 09:53:19.244 [main] INFO  s.d.s.w.r.operation.CachingOperationNameGenerator - Generating unique operation named: queryUsingPOST_4
2021-02-02 09:53:19.249 [main] INFO  s.d.s.w.r.operation.CachingOperationNameGenerator - Generating unique operation named: addUsingPOST_4
2021-02-02 09:53:19.253 [main] INFO  s.d.s.w.r.operation.CachingOperationNameGenerator - Generating unique operation named: editUsingPOST_3
2021-02-02 09:53:19.255 [main] INFO  s.d.s.w.r.operation.CachingOperationNameGenerator - Generating unique operation named: uploadUsingPOST_3
2021-02-02 09:53:19.260 [main] INFO  s.d.s.w.r.operation.CachingOperationNameGenerator - Generating unique operation named: getOpenIdUsingPOST_1
2021-02-02 09:53:19.267 [main] INFO  s.d.s.w.r.operation.CachingOperationNameGenerator - Generating unique operation named: wxMiniappDecodeUsingPOST_1
2021-02-02 09:53:19.273 [main] INFO  s.d.s.w.r.operation.CachingOperationNameGenerator - Generating unique operation named: createWxPayUsingPOST_1
2021-02-02 09:53:19.275 [main] INFO  s.d.s.w.r.operation.CachingOperationNameGenerator - Generating unique operation named: wxRefundUsingPOST_1
2021-02-02 09:53:19.287 [main] INFO  s.d.s.w.r.operation.CachingOperationNameGenerator - Generating unique operation named: queryUsingPOST_5
2021-02-02 09:53:19.292 [main] INFO  s.d.s.w.r.operation.CachingOperationNameGenerator - Generating unique operation named: addUsingPOST_5
2021-02-02 09:53:19.297 [main] INFO  s.d.s.w.r.operation.CachingOperationNameGenerator - Generating unique operation named: editUsingPOST_4
2021-02-02 09:53:19.307 [main] INFO  s.d.s.w.r.operation.CachingOperationNameGenerator - Generating unique operation named: queryUsingPOST_6
2021-02-02 09:53:19.310 [main] INFO  s.d.s.w.r.operation.CachingOperationNameGenerator - Generating unique operation named: addUsingPOST_6
2021-02-02 09:53:19.313 [main] INFO  s.d.s.w.r.operation.CachingOperationNameGenerator - Generating unique operation named: editUsingPOST_5
2021-02-02 09:53:19.316 [main] INFO  s.d.s.w.r.operation.CachingOperationNameGenerator - Generating unique operation named: commonlyListUsingGET_1
2021-02-02 09:53:19.318 [main] INFO  s.d.s.w.r.operation.CachingOperationNameGenerator - Generating unique operation named: immediateQueryUsingGET_1
2021-02-02 09:53:19.321 [main] INFO  s.d.s.w.r.operation.CachingOperationNameGenerator - Generating unique operation named: addUsingPOST_7
2021-02-02 09:53:19.324 [main] INFO  s.d.s.w.r.operation.CachingOperationNameGenerator - Generating unique operation named: delUsingPOST_1
2021-02-02 09:53:19.329 [main] INFO  s.d.s.w.r.operation.CachingOperationNameGenerator - Generating unique operation named: queryUsingPOST_7
2021-02-02 09:53:19.341 [main] INFO  com.fx.shop.ShopApplication - Started ShopApplication in 7.42 seconds (JVM running for 9.357)
2021-02-02 09:53:31.990 [http-nio-8787-exec-1] INFO  o.a.c.core.ContainerBase.[Tomcat].[localhost].[/] - Initializing Spring DispatcherServlet 'dispatcherServlet'
2021-02-02 09:53:31.991 [http-nio-8787-exec-1] INFO  org.springframework.web.servlet.DispatcherServlet - Initializing Servlet 'dispatcherServlet'
2021-02-02 09:53:31.993 [http-nio-8787-exec-1] INFO  org.springframework.web.servlet.DispatcherServlet - Completed initialization in 2 ms
2021-02-02 09:53:32.797 [http-nio-8787-exec-1] INFO  com.alibaba.druid.pool.DruidDataSource - {dataSource-1} inited
